

Started GET "/" for 127.0.0.1 at 2012-10-10 12:28:53 -0500
Connecting to database specified by database.yml

Mysql2::Error (Unknown database 'tukaiz_facebook_development'):
  mysql2 (0.3.11) lib/mysql2/client.rb:44:in `connect'
  mysql2 (0.3.11) lib/mysql2/client.rb:44:in `initialize'
  activerecord (3.2.8) lib/active_record/connection_adapters/mysql2_adapter.rb:16:in `new'
  activerecord (3.2.8) lib/active_record/connection_adapters/mysql2_adapter.rb:16:in `mysql2_connection'
  activerecord (3.2.8) lib/active_record/connection_adapters/abstract/connection_pool.rb:309:in `new_connection'
  activerecord (3.2.8) lib/active_record/connection_adapters/abstract/connection_pool.rb:319:in `checkout_new_connection'
  activerecord (3.2.8) lib/active_record/connection_adapters/abstract/connection_pool.rb:241:in `block (2 levels) in checkout'
  activerecord (3.2.8) lib/active_record/connection_adapters/abstract/connection_pool.rb:236:in `loop'
  activerecord (3.2.8) lib/active_record/connection_adapters/abstract/connection_pool.rb:236:in `block in checkout'
  /Users/rminer/.rvm/rubies/ruby-1.9.3-p194/lib/ruby/1.9.1/monitor.rb:211:in `mon_synchronize'
  activerecord (3.2.8) lib/active_record/connection_adapters/abstract/connection_pool.rb:233:in `checkout'
  activerecord (3.2.8) lib/active_record/connection_adapters/abstract/connection_pool.rb:96:in `block in connection'
  /Users/rminer/.rvm/rubies/ruby-1.9.3-p194/lib/ruby/1.9.1/monitor.rb:211:in `mon_synchronize'
  activerecord (3.2.8) lib/active_record/connection_adapters/abstract/connection_pool.rb:95:in `connection'
  activerecord (3.2.8) lib/active_record/connection_adapters/abstract/connection_pool.rb:404:in `retrieve_connection'
  activerecord (3.2.8) lib/active_record/connection_adapters/abstract/connection_specification.rb:170:in `retrieve_connection'
  activerecord (3.2.8) lib/active_record/connection_adapters/abstract/connection_specification.rb:144:in `connection'
  activerecord (3.2.8) lib/active_record/query_cache.rb:67:in `rescue in call'
  activerecord (3.2.8) lib/active_record/query_cache.rb:61:in `call'
  activerecord (3.2.8) lib/active_record/connection_adapters/abstract/connection_pool.rb:473:in `call'
  actionpack (3.2.8) lib/action_dispatch/middleware/callbacks.rb:28:in `block in call'
  activesupport (3.2.8) lib/active_support/callbacks.rb:405:in `_run__580960445062206196__call__3871902127008337789__callbacks'
  activesupport (3.2.8) lib/active_support/callbacks.rb:405:in `__run_callback'
  activesupport (3.2.8) lib/active_support/callbacks.rb:385:in `_run_call_callbacks'
  activesupport (3.2.8) lib/active_support/callbacks.rb:81:in `run_callbacks'
  actionpack (3.2.8) lib/action_dispatch/middleware/callbacks.rb:27:in `call'
  actionpack (3.2.8) lib/action_dispatch/middleware/reloader.rb:65:in `call'
  actionpack (3.2.8) lib/action_dispatch/middleware/remote_ip.rb:31:in `call'
  actionpack (3.2.8) lib/action_dispatch/middleware/debug_exceptions.rb:16:in `call'
  actionpack (3.2.8) lib/action_dispatch/middleware/show_exceptions.rb:56:in `call'
  railties (3.2.8) lib/rails/rack/logger.rb:26:in `call_app'
  railties (3.2.8) lib/rails/rack/logger.rb:16:in `call'
  actionpack (3.2.8) lib/action_dispatch/middleware/request_id.rb:22:in `call'
  rack (1.4.1) lib/rack/methodoverride.rb:21:in `call'
  rack (1.4.1) lib/rack/runtime.rb:17:in `call'
  activesupport (3.2.8) lib/active_support/cache/strategy/local_cache.rb:72:in `call'
  rack (1.4.1) lib/rack/lock.rb:15:in `call'
  actionpack (3.2.8) lib/action_dispatch/middleware/static.rb:62:in `call'
  railties (3.2.8) lib/rails/engine.rb:479:in `call'
  railties (3.2.8) lib/rails/application.rb:223:in `call'
  rack (1.4.1) lib/rack/content_length.rb:14:in `call'
  railties (3.2.8) lib/rails/rack/log_tailer.rb:17:in `call'
  rack (1.4.1) lib/rack/handler/webrick.rb:59:in `service'
  /Users/rminer/.rvm/rubies/ruby-1.9.3-p194/lib/ruby/1.9.1/webrick/httpserver.rb:138:in `service'
  /Users/rminer/.rvm/rubies/ruby-1.9.3-p194/lib/ruby/1.9.1/webrick/httpserver.rb:94:in `run'
  /Users/rminer/.rvm/rubies/ruby-1.9.3-p194/lib/ruby/1.9.1/webrick/server.rb:191:in `block in start_thread'


  Rendered /Users/rminer/.rvm/gems/ruby-1.9.3-p194@tukaiz_facebook/gems/actionpack-3.2.8/lib/action_dispatch/middleware/templates/rescues/_trace.erb (1.9ms)
  Rendered /Users/rminer/.rvm/gems/ruby-1.9.3-p194@tukaiz_facebook/gems/actionpack-3.2.8/lib/action_dispatch/middleware/templates/rescues/_request_and_response.erb (3.4ms)
  Rendered /Users/rminer/.rvm/gems/ruby-1.9.3-p194@tukaiz_facebook/gems/actionpack-3.2.8/lib/action_dispatch/middleware/templates/rescues/diagnostics.erb within rescues/layout (18.3ms)


Started GET "/" for 127.0.0.1 at 2012-10-10 12:29:42 -0500
Connecting to database specified by database.yml

LoadError (Expected /Users/rminer/projects/tukaiz_facebook/app/controllers/pages_controller.rb to define PagesController):
  activesupport (3.2.8) lib/active_support/dependencies.rb:503:in `load_missing_constant'
  activesupport (3.2.8) lib/active_support/dependencies.rb:192:in `block in const_missing'
  activesupport (3.2.8) lib/active_support/dependencies.rb:190:in `each'
  activesupport (3.2.8) lib/active_support/dependencies.rb:190:in `const_missing'
  activesupport (3.2.8) lib/active_support/inflector/methods.rb:230:in `block in constantize'
  activesupport (3.2.8) lib/active_support/inflector/methods.rb:229:in `each'
  activesupport (3.2.8) lib/active_support/inflector/methods.rb:229:in `constantize'
  activesupport (3.2.8) lib/active_support/dependencies.rb:554:in `get'
  actionpack (3.2.8) lib/action_dispatch/routing/route_set.rb:69:in `controller_reference'
  actionpack (3.2.8) lib/action_dispatch/routing/route_set.rb:54:in `controller'
  actionpack (3.2.8) lib/action_dispatch/routing/route_set.rb:32:in `call'
  journey (1.0.4) lib/journey/router.rb:68:in `block in call'
  journey (1.0.4) lib/journey/router.rb:56:in `each'
  journey (1.0.4) lib/journey/router.rb:56:in `call'
  actionpack (3.2.8) lib/action_dispatch/routing/route_set.rb:600:in `call'
  actionpack (3.2.8) lib/action_dispatch/middleware/best_standards_support.rb:17:in `call'
  rack (1.4.1) lib/rack/etag.rb:23:in `call'
  rack (1.4.1) lib/rack/conditionalget.rb:25:in `call'
  actionpack (3.2.8) lib/action_dispatch/middleware/head.rb:14:in `call'
  actionpack (3.2.8) lib/action_dispatch/middleware/params_parser.rb:21:in `call'
  actionpack (3.2.8) lib/action_dispatch/middleware/flash.rb:242:in `call'
  rack (1.4.1) lib/rack/session/abstract/id.rb:205:in `context'
  rack (1.4.1) lib/rack/session/abstract/id.rb:200:in `call'
  actionpack (3.2.8) lib/action_dispatch/middleware/cookies.rb:339:in `call'
  activerecord (3.2.8) lib/active_record/query_cache.rb:64:in `call'
  activerecord (3.2.8) lib/active_record/connection_adapters/abstract/connection_pool.rb:473:in `call'
  actionpack (3.2.8) lib/action_dispatch/middleware/callbacks.rb:28:in `block in call'
  activesupport (3.2.8) lib/active_support/callbacks.rb:405:in `_run__4171278287339665016__call__760011706009143082__callbacks'
  activesupport (3.2.8) lib/active_support/callbacks.rb:405:in `__run_callback'
  activesupport (3.2.8) lib/active_support/callbacks.rb:385:in `_run_call_callbacks'
  activesupport (3.2.8) lib/active_support/callbacks.rb:81:in `run_callbacks'
  actionpack (3.2.8) lib/action_dispatch/middleware/callbacks.rb:27:in `call'
  actionpack (3.2.8) lib/action_dispatch/middleware/reloader.rb:65:in `call'
  actionpack (3.2.8) lib/action_dispatch/middleware/remote_ip.rb:31:in `call'
  actionpack (3.2.8) lib/action_dispatch/middleware/debug_exceptions.rb:16:in `call'
  actionpack (3.2.8) lib/action_dispatch/middleware/show_exceptions.rb:56:in `call'
  railties (3.2.8) lib/rails/rack/logger.rb:26:in `call_app'
  railties (3.2.8) lib/rails/rack/logger.rb:16:in `call'
  actionpack (3.2.8) lib/action_dispatch/middleware/request_id.rb:22:in `call'
  rack (1.4.1) lib/rack/methodoverride.rb:21:in `call'
  rack (1.4.1) lib/rack/runtime.rb:17:in `call'
  activesupport (3.2.8) lib/active_support/cache/strategy/local_cache.rb:72:in `call'
  rack (1.4.1) lib/rack/lock.rb:15:in `call'
  actionpack (3.2.8) lib/action_dispatch/middleware/static.rb:62:in `call'
  railties (3.2.8) lib/rails/engine.rb:479:in `call'
  railties (3.2.8) lib/rails/application.rb:223:in `call'
  rack (1.4.1) lib/rack/content_length.rb:14:in `call'
  railties (3.2.8) lib/rails/rack/log_tailer.rb:17:in `call'
  rack (1.4.1) lib/rack/handler/webrick.rb:59:in `service'
  /Users/rminer/.rvm/rubies/ruby-1.9.3-p194/lib/ruby/1.9.1/webrick/httpserver.rb:138:in `service'
  /Users/rminer/.rvm/rubies/ruby-1.9.3-p194/lib/ruby/1.9.1/webrick/httpserver.rb:94:in `run'
  /Users/rminer/.rvm/rubies/ruby-1.9.3-p194/lib/ruby/1.9.1/webrick/server.rb:191:in `block in start_thread'


  Rendered /Users/rminer/.rvm/gems/ruby-1.9.3-p194@tukaiz_facebook/gems/actionpack-3.2.8/lib/action_dispatch/middleware/templates/rescues/_trace.erb (1.8ms)
  Rendered /Users/rminer/.rvm/gems/ruby-1.9.3-p194@tukaiz_facebook/gems/actionpack-3.2.8/lib/action_dispatch/middleware/templates/rescues/_request_and_response.erb (3.4ms)
  Rendered /Users/rminer/.rvm/gems/ruby-1.9.3-p194@tukaiz_facebook/gems/actionpack-3.2.8/lib/action_dispatch/middleware/templates/rescues/diagnostics.erb within rescues/layout (16.8ms)


Started GET "/" for 127.0.0.1 at 2012-10-10 12:29:59 -0500
Processing by PagesController#index as HTML
Completed 500 Internal Server Error in 10ms

ActionView::MissingTemplate (Missing template pages/index, application/index with {:locale=>[:en], :formats=>[:html], :handlers=>[:erb, :builder, :coffee]}. Searched in:
  * "/Users/rminer/projects/tukaiz_facebook/app/views"
  * "/Users/rminer/.rvm/gems/ruby-1.9.3-p194@tukaiz_facebook/gems/twitter-bootstrap-rails-2.1.3/app/views"
):
  actionpack (3.2.8) lib/action_view/path_set.rb:58:in `find'
  actionpack (3.2.8) lib/action_view/lookup_context.rb:109:in `find'
  actionpack (3.2.8) lib/action_view/renderer/abstract_renderer.rb:3:in `find_template'
  actionpack (3.2.8) lib/action_view/renderer/template_renderer.rb:34:in `determine_template'
  actionpack (3.2.8) lib/action_view/renderer/template_renderer.rb:10:in `render'
  actionpack (3.2.8) lib/action_view/renderer/renderer.rb:36:in `render_template'
  actionpack (3.2.8) lib/action_view/renderer/renderer.rb:17:in `render'
  actionpack (3.2.8) lib/abstract_controller/rendering.rb:110:in `_render_template'
  actionpack (3.2.8) lib/action_controller/metal/streaming.rb:225:in `_render_template'
  actionpack (3.2.8) lib/abstract_controller/rendering.rb:103:in `render_to_body'
  actionpack (3.2.8) lib/action_controller/metal/renderers.rb:28:in `render_to_body'
  actionpack (3.2.8) lib/action_controller/metal/compatibility.rb:50:in `render_to_body'
  actionpack (3.2.8) lib/abstract_controller/rendering.rb:88:in `render'
  actionpack (3.2.8) lib/action_controller/metal/rendering.rb:16:in `render'
  actionpack (3.2.8) lib/action_controller/metal/instrumentation.rb:40:in `block (2 levels) in render'
  activesupport (3.2.8) lib/active_support/core_ext/benchmark.rb:5:in `block in ms'
  /Users/rminer/.rvm/rubies/ruby-1.9.3-p194/lib/ruby/1.9.1/benchmark.rb:295:in `realtime'
  activesupport (3.2.8) lib/active_support/core_ext/benchmark.rb:5:in `ms'
  actionpack (3.2.8) lib/action_controller/metal/instrumentation.rb:40:in `block in render'
  actionpack (3.2.8) lib/action_controller/metal/instrumentation.rb:83:in `cleanup_view_runtime'
  activerecord (3.2.8) lib/active_record/railties/controller_runtime.rb:24:in `cleanup_view_runtime'
  actionpack (3.2.8) lib/action_controller/metal/instrumentation.rb:39:in `render'
  actionpack (3.2.8) lib/action_controller/metal/implicit_render.rb:10:in `default_render'
  actionpack (3.2.8) lib/action_controller/metal/implicit_render.rb:5:in `send_action'
  actionpack (3.2.8) lib/abstract_controller/base.rb:167:in `process_action'
  actionpack (3.2.8) lib/action_controller/metal/rendering.rb:10:in `process_action'
  actionpack (3.2.8) lib/abstract_controller/callbacks.rb:18:in `block in process_action'
  activesupport (3.2.8) lib/active_support/callbacks.rb:414:in `_run__3582641447182387097__process_action__3192555020942718818__callbacks'
  activesupport (3.2.8) lib/active_support/callbacks.rb:405:in `__run_callback'
  activesupport (3.2.8) lib/active_support/callbacks.rb:385:in `_run_process_action_callbacks'
  activesupport (3.2.8) lib/active_support/callbacks.rb:81:in `run_callbacks'
  actionpack (3.2.8) lib/abstract_controller/callbacks.rb:17:in `process_action'
  actionpack (3.2.8) lib/action_controller/metal/rescue.rb:29:in `process_action'
  actionpack (3.2.8) lib/action_controller/metal/instrumentation.rb:30:in `block in process_action'
  activesupport (3.2.8) lib/active_support/notifications.rb:123:in `block in instrument'
  activesupport (3.2.8) lib/active_support/notifications/instrumenter.rb:20:in `instrument'
  activesupport (3.2.8) lib/active_support/notifications.rb:123:in `instrument'
  actionpack (3.2.8) lib/action_controller/metal/instrumentation.rb:29:in `process_action'
  actionpack (3.2.8) lib/action_controller/metal/params_wrapper.rb:207:in `process_action'
  activerecord (3.2.8) lib/active_record/railties/controller_runtime.rb:18:in `process_action'
  actionpack (3.2.8) lib/abstract_controller/base.rb:121:in `process'
  actionpack (3.2.8) lib/abstract_controller/rendering.rb:45:in `process'
  actionpack (3.2.8) lib/action_controller/metal.rb:203:in `dispatch'
  actionpack (3.2.8) lib/action_controller/metal/rack_delegation.rb:14:in `dispatch'
  actionpack (3.2.8) lib/action_controller/metal.rb:246:in `block in action'
  actionpack (3.2.8) lib/action_dispatch/routing/route_set.rb:73:in `call'
  actionpack (3.2.8) lib/action_dispatch/routing/route_set.rb:73:in `dispatch'
  actionpack (3.2.8) lib/action_dispatch/routing/route_set.rb:36:in `call'
  journey (1.0.4) lib/journey/router.rb:68:in `block in call'
  journey (1.0.4) lib/journey/router.rb:56:in `each'
  journey (1.0.4) lib/journey/router.rb:56:in `call'
  actionpack (3.2.8) lib/action_dispatch/routing/route_set.rb:600:in `call'
  actionpack (3.2.8) lib/action_dispatch/middleware/best_standards_support.rb:17:in `call'
  rack (1.4.1) lib/rack/etag.rb:23:in `call'
  rack (1.4.1) lib/rack/conditionalget.rb:25:in `call'
  actionpack (3.2.8) lib/action_dispatch/middleware/head.rb:14:in `call'
  actionpack (3.2.8) lib/action_dispatch/middleware/params_parser.rb:21:in `call'
  actionpack (3.2.8) lib/action_dispatch/middleware/flash.rb:242:in `call'
  rack (1.4.1) lib/rack/session/abstract/id.rb:205:in `context'
  rack (1.4.1) lib/rack/session/abstract/id.rb:200:in `call'
  actionpack (3.2.8) lib/action_dispatch/middleware/cookies.rb:339:in `call'
  activerecord (3.2.8) lib/active_record/query_cache.rb:64:in `call'
  activerecord (3.2.8) lib/active_record/connection_adapters/abstract/connection_pool.rb:473:in `call'
  actionpack (3.2.8) lib/action_dispatch/middleware/callbacks.rb:28:in `block in call'
  activesupport (3.2.8) lib/active_support/callbacks.rb:405:in `_run__4171278287339665016__call__760011706009143082__callbacks'
  activesupport (3.2.8) lib/active_support/callbacks.rb:405:in `__run_callback'
  activesupport (3.2.8) lib/active_support/callbacks.rb:385:in `_run_call_callbacks'
  activesupport (3.2.8) lib/active_support/callbacks.rb:81:in `run_callbacks'
  actionpack (3.2.8) lib/action_dispatch/middleware/callbacks.rb:27:in `call'
  actionpack (3.2.8) lib/action_dispatch/middleware/reloader.rb:65:in `call'
  actionpack (3.2.8) lib/action_dispatch/middleware/remote_ip.rb:31:in `call'
  actionpack (3.2.8) lib/action_dispatch/middleware/debug_exceptions.rb:16:in `call'
  actionpack (3.2.8) lib/action_dispatch/middleware/show_exceptions.rb:56:in `call'
  railties (3.2.8) lib/rails/rack/logger.rb:26:in `call_app'
  railties (3.2.8) lib/rails/rack/logger.rb:16:in `call'
  actionpack (3.2.8) lib/action_dispatch/middleware/request_id.rb:22:in `call'
  rack (1.4.1) lib/rack/methodoverride.rb:21:in `call'
  rack (1.4.1) lib/rack/runtime.rb:17:in `call'
  activesupport (3.2.8) lib/active_support/cache/strategy/local_cache.rb:72:in `call'
  rack (1.4.1) lib/rack/lock.rb:15:in `call'
  actionpack (3.2.8) lib/action_dispatch/middleware/static.rb:62:in `call'
  railties (3.2.8) lib/rails/engine.rb:479:in `call'
  railties (3.2.8) lib/rails/application.rb:223:in `call'
  rack (1.4.1) lib/rack/content_length.rb:14:in `call'
  railties (3.2.8) lib/rails/rack/log_tailer.rb:17:in `call'
  rack (1.4.1) lib/rack/handler/webrick.rb:59:in `service'
  /Users/rminer/.rvm/rubies/ruby-1.9.3-p194/lib/ruby/1.9.1/webrick/httpserver.rb:138:in `service'
  /Users/rminer/.rvm/rubies/ruby-1.9.3-p194/lib/ruby/1.9.1/webrick/httpserver.rb:94:in `run'
  /Users/rminer/.rvm/rubies/ruby-1.9.3-p194/lib/ruby/1.9.1/webrick/server.rb:191:in `block in start_thread'


  Rendered /Users/rminer/.rvm/gems/ruby-1.9.3-p194@tukaiz_facebook/gems/actionpack-3.2.8/lib/action_dispatch/middleware/templates/rescues/missing_template.erb within rescues/layout (0.7ms)


Started GET "/" for 127.0.0.1 at 2012-10-10 12:30:41 -0500
Processing by PagesController#index as HTML
Completed 500 Internal Server Error in 2ms

ActionView::MissingTemplate (Missing template pages/index, application/index with {:locale=>[:en], :formats=>[:html], :handlers=>[:erb, :builder, :coffee]}. Searched in:
  * "/Users/rminer/projects/tukaiz_facebook/app/views"
  * "/Users/rminer/.rvm/gems/ruby-1.9.3-p194@tukaiz_facebook/gems/twitter-bootstrap-rails-2.1.3/app/views"
):
  actionpack (3.2.8) lib/action_view/path_set.rb:58:in `find'
  actionpack (3.2.8) lib/action_view/lookup_context.rb:109:in `find'
  actionpack (3.2.8) lib/action_view/renderer/abstract_renderer.rb:3:in `find_template'
  actionpack (3.2.8) lib/action_view/renderer/template_renderer.rb:34:in `determine_template'
  actionpack (3.2.8) lib/action_view/renderer/template_renderer.rb:10:in `render'
  actionpack (3.2.8) lib/action_view/renderer/renderer.rb:36:in `render_template'
  actionpack (3.2.8) lib/action_view/renderer/renderer.rb:17:in `render'
  actionpack (3.2.8) lib/abstract_controller/rendering.rb:110:in `_render_template'
  actionpack (3.2.8) lib/action_controller/metal/streaming.rb:225:in `_render_template'
  actionpack (3.2.8) lib/abstract_controller/rendering.rb:103:in `render_to_body'
  actionpack (3.2.8) lib/action_controller/metal/renderers.rb:28:in `render_to_body'
  actionpack (3.2.8) lib/action_controller/metal/compatibility.rb:50:in `render_to_body'
  actionpack (3.2.8) lib/abstract_controller/rendering.rb:88:in `render'
  actionpack (3.2.8) lib/action_controller/metal/rendering.rb:16:in `render'
  actionpack (3.2.8) lib/action_controller/metal/instrumentation.rb:40:in `block (2 levels) in render'
  activesupport (3.2.8) lib/active_support/core_ext/benchmark.rb:5:in `block in ms'
  /Users/rminer/.rvm/rubies/ruby-1.9.3-p194/lib/ruby/1.9.1/benchmark.rb:295:in `realtime'
  activesupport (3.2.8) lib/active_support/core_ext/benchmark.rb:5:in `ms'
  actionpack (3.2.8) lib/action_controller/metal/instrumentation.rb:40:in `block in render'
  actionpack (3.2.8) lib/action_controller/metal/instrumentation.rb:83:in `cleanup_view_runtime'
  activerecord (3.2.8) lib/active_record/railties/controller_runtime.rb:24:in `cleanup_view_runtime'
  actionpack (3.2.8) lib/action_controller/metal/instrumentation.rb:39:in `render'
  actionpack (3.2.8) lib/action_controller/metal/implicit_render.rb:10:in `default_render'
  actionpack (3.2.8) lib/action_controller/metal/implicit_render.rb:5:in `send_action'
  actionpack (3.2.8) lib/abstract_controller/base.rb:167:in `process_action'
  actionpack (3.2.8) lib/action_controller/metal/rendering.rb:10:in `process_action'
  actionpack (3.2.8) lib/abstract_controller/callbacks.rb:18:in `block in process_action'
  activesupport (3.2.8) lib/active_support/callbacks.rb:414:in `_run__3582641447182387097__process_action__3192555020942718818__callbacks'
  activesupport (3.2.8) lib/active_support/callbacks.rb:405:in `__run_callback'
  activesupport (3.2.8) lib/active_support/callbacks.rb:385:in `_run_process_action_callbacks'
  activesupport (3.2.8) lib/active_support/callbacks.rb:81:in `run_callbacks'
  actionpack (3.2.8) lib/abstract_controller/callbacks.rb:17:in `process_action'
  actionpack (3.2.8) lib/action_controller/metal/rescue.rb:29:in `process_action'
  actionpack (3.2.8) lib/action_controller/metal/instrumentation.rb:30:in `block in process_action'
  activesupport (3.2.8) lib/active_support/notifications.rb:123:in `block in instrument'
  activesupport (3.2.8) lib/active_support/notifications/instrumenter.rb:20:in `instrument'
  activesupport (3.2.8) lib/active_support/notifications.rb:123:in `instrument'
  actionpack (3.2.8) lib/action_controller/metal/instrumentation.rb:29:in `process_action'
  actionpack (3.2.8) lib/action_controller/metal/params_wrapper.rb:207:in `process_action'
  activerecord (3.2.8) lib/active_record/railties/controller_runtime.rb:18:in `process_action'
  actionpack (3.2.8) lib/abstract_controller/base.rb:121:in `process'
  actionpack (3.2.8) lib/abstract_controller/rendering.rb:45:in `process'
  actionpack (3.2.8) lib/action_controller/metal.rb:203:in `dispatch'
  actionpack (3.2.8) lib/action_controller/metal/rack_delegation.rb:14:in `dispatch'
  actionpack (3.2.8) lib/action_controller/metal.rb:246:in `block in action'
  actionpack (3.2.8) lib/action_dispatch/routing/route_set.rb:73:in `call'
  actionpack (3.2.8) lib/action_dispatch/routing/route_set.rb:73:in `dispatch'
  actionpack (3.2.8) lib/action_dispatch/routing/route_set.rb:36:in `call'
  journey (1.0.4) lib/journey/router.rb:68:in `block in call'
  journey (1.0.4) lib/journey/router.rb:56:in `each'
  journey (1.0.4) lib/journey/router.rb:56:in `call'
  actionpack (3.2.8) lib/action_dispatch/routing/route_set.rb:600:in `call'
  actionpack (3.2.8) lib/action_dispatch/middleware/best_standards_support.rb:17:in `call'
  rack (1.4.1) lib/rack/etag.rb:23:in `call'
  rack (1.4.1) lib/rack/conditionalget.rb:25:in `call'
  actionpack (3.2.8) lib/action_dispatch/middleware/head.rb:14:in `call'
  actionpack (3.2.8) lib/action_dispatch/middleware/params_parser.rb:21:in `call'
  actionpack (3.2.8) lib/action_dispatch/middleware/flash.rb:242:in `call'
  rack (1.4.1) lib/rack/session/abstract/id.rb:205:in `context'
  rack (1.4.1) lib/rack/session/abstract/id.rb:200:in `call'
  actionpack (3.2.8) lib/action_dispatch/middleware/cookies.rb:339:in `call'
  activerecord (3.2.8) lib/active_record/query_cache.rb:64:in `call'
  activerecord (3.2.8) lib/active_record/connection_adapters/abstract/connection_pool.rb:473:in `call'
  actionpack (3.2.8) lib/action_dispatch/middleware/callbacks.rb:28:in `block in call'
  activesupport (3.2.8) lib/active_support/callbacks.rb:405:in `_run__4171278287339665016__call__760011706009143082__callbacks'
  activesupport (3.2.8) lib/active_support/callbacks.rb:405:in `__run_callback'
  activesupport (3.2.8) lib/active_support/callbacks.rb:385:in `_run_call_callbacks'
  activesupport (3.2.8) lib/active_support/callbacks.rb:81:in `run_callbacks'
  actionpack (3.2.8) lib/action_dispatch/middleware/callbacks.rb:27:in `call'
  actionpack (3.2.8) lib/action_dispatch/middleware/reloader.rb:65:in `call'
  actionpack (3.2.8) lib/action_dispatch/middleware/remote_ip.rb:31:in `call'
  actionpack (3.2.8) lib/action_dispatch/middleware/debug_exceptions.rb:16:in `call'
  actionpack (3.2.8) lib/action_dispatch/middleware/show_exceptions.rb:56:in `call'
  railties (3.2.8) lib/rails/rack/logger.rb:26:in `call_app'
  railties (3.2.8) lib/rails/rack/logger.rb:16:in `call'
  actionpack (3.2.8) lib/action_dispatch/middleware/request_id.rb:22:in `call'
  rack (1.4.1) lib/rack/methodoverride.rb:21:in `call'
  rack (1.4.1) lib/rack/runtime.rb:17:in `call'
  activesupport (3.2.8) lib/active_support/cache/strategy/local_cache.rb:72:in `call'
  rack (1.4.1) lib/rack/lock.rb:15:in `call'
  actionpack (3.2.8) lib/action_dispatch/middleware/static.rb:62:in `call'
  railties (3.2.8) lib/rails/engine.rb:479:in `call'
  railties (3.2.8) lib/rails/application.rb:223:in `call'
  rack (1.4.1) lib/rack/content_length.rb:14:in `call'
  railties (3.2.8) lib/rails/rack/log_tailer.rb:17:in `call'
  rack (1.4.1) lib/rack/handler/webrick.rb:59:in `service'
  /Users/rminer/.rvm/rubies/ruby-1.9.3-p194/lib/ruby/1.9.1/webrick/httpserver.rb:138:in `service'
  /Users/rminer/.rvm/rubies/ruby-1.9.3-p194/lib/ruby/1.9.1/webrick/httpserver.rb:94:in `run'
  /Users/rminer/.rvm/rubies/ruby-1.9.3-p194/lib/ruby/1.9.1/webrick/server.rb:191:in `block in start_thread'


  Rendered /Users/rminer/.rvm/gems/ruby-1.9.3-p194@tukaiz_facebook/gems/actionpack-3.2.8/lib/action_dispatch/middleware/templates/rescues/missing_template.erb within rescues/layout (0.6ms)


Started GET "/" for 127.0.0.1 at 2012-10-10 12:32:03 -0500
Connecting to database specified by database.yml
Processing by PagesController#index as HTML
  Rendered pages/index.haml within layouts/application (1.3ms)
Compiled bootstrap_and_overrides.css  (951ms)  (pid 83149)
Compiled application.css  (1005ms)  (pid 83149)
Compiled jquery.js  (50ms)  (pid 83149)
Compiled jquery_ujs.js  (0ms)  (pid 83149)
Compiled twitter/bootstrap/bootstrap-transition.js  (0ms)  (pid 83149)
Compiled twitter/bootstrap/bootstrap-alert.js  (0ms)  (pid 83149)
Compiled twitter/bootstrap/bootstrap-modal.js  (0ms)  (pid 83149)
Compiled twitter/bootstrap/bootstrap-dropdown.js  (0ms)  (pid 83149)
Compiled twitter/bootstrap/bootstrap-scrollspy.js  (0ms)  (pid 83149)
Compiled twitter/bootstrap/bootstrap-tab.js  (0ms)  (pid 83149)
Compiled twitter/bootstrap/bootstrap-tooltip.js  (0ms)  (pid 83149)
Compiled twitter/bootstrap/bootstrap-popover.js  (0ms)  (pid 83149)
Compiled twitter/bootstrap/bootstrap-button.js  (0ms)  (pid 83149)
Compiled twitter/bootstrap/bootstrap-collapse.js  (0ms)  (pid 83149)
Compiled twitter/bootstrap/bootstrap-carousel.js  (0ms)  (pid 83149)
Compiled twitter/bootstrap/bootstrap-typeahead.js  (0ms)  (pid 83149)
Compiled twitter/bootstrap/bootstrap-affix.js  (0ms)  (pid 83149)
Compiled twitter/bootstrap.js  (313ms)  (pid 83149)
Compiled bootstrap.js  (50ms)  (pid 83149)
Compiled application.js  (470ms)  (pid 83149)
Completed 200 OK in 1647ms (Views: 1645.9ms | ActiveRecord: 0.0ms)


Started GET "/assets/bootstrap_and_overrides.css?body=1" for 127.0.0.1 at 2012-10-10 12:32:05 -0500
Served asset /bootstrap_and_overrides.css - 200 OK (5ms)


Started GET "/assets/twitter/bootstrap/bootstrap-transition.js?body=1" for 127.0.0.1 at 2012-10-10 12:32:05 -0500
Served asset /twitter/bootstrap/bootstrap-transition.js - 200 OK (4ms)


Started GET "/assets/twitter/bootstrap/bootstrap-modal.js?body=1" for 127.0.0.1 at 2012-10-10 12:32:05 -0500
Served asset /twitter/bootstrap/bootstrap-modal.js - 200 OK (4ms)


Started GET "/assets/twitter/bootstrap/bootstrap-alert.js?body=1" for 127.0.0.1 at 2012-10-10 12:32:05 -0500
Served asset /twitter/bootstrap/bootstrap-alert.js - 200 OK (5ms)


Started GET "/assets/twitter/bootstrap/bootstrap-tab.js?body=1" for 127.0.0.1 at 2012-10-10 12:32:05 -0500
Served asset /twitter/bootstrap/bootstrap-tab.js - 200 OK (4ms)


Started GET "/assets/twitter/bootstrap/bootstrap-tooltip.js?body=1" for 127.0.0.1 at 2012-10-10 12:32:05 -0500
Served asset /twitter/bootstrap/bootstrap-tooltip.js - 200 OK (5ms)


Started GET "/assets/twitter/bootstrap/bootstrap-dropdown.js?body=1" for 127.0.0.1 at 2012-10-10 12:32:05 -0500
Served asset /twitter/bootstrap/bootstrap-dropdown.js - 200 OK (6ms)


Started GET "/assets/twitter/bootstrap/bootstrap-popover.js?body=1" for 127.0.0.1 at 2012-10-10 12:32:05 -0500
Served asset /twitter/bootstrap/bootstrap-popover.js - 200 OK (6ms)


Started GET "/assets/twitter/bootstrap/bootstrap-scrollspy.js?body=1" for 127.0.0.1 at 2012-10-10 12:32:05 -0500
Served asset /twitter/bootstrap/bootstrap-scrollspy.js - 200 OK (7ms)


Started GET "/assets/twitter/bootstrap/bootstrap-collapse.js?body=1" for 127.0.0.1 at 2012-10-10 12:32:05 -0500
Served asset /twitter/bootstrap/bootstrap-collapse.js - 200 OK (7ms)


Started GET "/assets/twitter/bootstrap/bootstrap-button.js?body=1" for 127.0.0.1 at 2012-10-10 12:32:06 -0500
Served asset /twitter/bootstrap/bootstrap-button.js - 200 OK (6ms)


Started GET "/assets/twitter/bootstrap/bootstrap-carousel.js?body=1" for 127.0.0.1 at 2012-10-10 12:32:06 -0500
Served asset /twitter/bootstrap/bootstrap-carousel.js - 200 OK (4ms)


Started GET "/assets/twitter/bootstrap/bootstrap-typeahead.js?body=1" for 127.0.0.1 at 2012-10-10 12:32:06 -0500
Served asset /twitter/bootstrap/bootstrap-typeahead.js - 200 OK (4ms)


Started GET "/assets/twitter/bootstrap/bootstrap-affix.js?body=1" for 127.0.0.1 at 2012-10-10 12:32:06 -0500
Served asset /twitter/bootstrap/bootstrap-affix.js - 200 OK (4ms)


Started GET "/assets/twitter/bootstrap.js?body=1" for 127.0.0.1 at 2012-10-10 12:32:06 -0500
Served asset /twitter/bootstrap.js - 200 OK (23ms)


Started GET "/assets/bootstrap.js?body=1" for 127.0.0.1 at 2012-10-10 12:32:06 -0500
Served asset /bootstrap.js - 200 OK (1ms)


Started GET "/assets/application.css?body=1" for 127.0.0.1 at 2012-10-10 12:32:06 -0500
Served asset /application.css - 304 Not Modified (4ms)


Started GET "/assets/jquery.js?body=1" for 127.0.0.1 at 2012-10-10 12:32:06 -0500
Served asset /jquery.js - 200 OK (3ms)


Started GET "/assets/jquery_ujs.js?body=1" for 127.0.0.1 at 2012-10-10 12:32:06 -0500
Served asset /jquery_ujs.js - 200 OK (4ms)


Started GET "/assets/application.js?body=1" for 127.0.0.1 at 2012-10-10 12:32:06 -0500
Served asset /application.js - 200 OK (29ms)


Started GET "/" for 127.0.0.1 at 2012-10-10 12:36:19 -0500
Processing by PagesController#index as HTML
  Rendered pages/index.haml within layouts/application (0.2ms)
Completed 200 OK in 16ms (Views: 15.8ms | ActiveRecord: 0.0ms)


Started GET "/assets/bootstrap_and_overrides.css?body=1" for 127.0.0.1 at 2012-10-10 12:36:19 -0500
Served asset /bootstrap_and_overrides.css - 304 Not Modified (0ms)


Started GET "/assets/application.css?body=1" for 127.0.0.1 at 2012-10-10 12:36:19 -0500
Served asset /application.css - 304 Not Modified (0ms)


Started GET "/assets/jquery_ujs.js?body=1" for 127.0.0.1 at 2012-10-10 12:36:19 -0500
Served asset /jquery_ujs.js - 304 Not Modified (0ms)


Started GET "/assets/jquery.js?body=1" for 127.0.0.1 at 2012-10-10 12:36:19 -0500
Served asset /jquery.js - 304 Not Modified (0ms)


Started GET "/assets/twitter/bootstrap/bootstrap-transition.js?body=1" for 127.0.0.1 at 2012-10-10 12:36:19 -0500
Served asset /twitter/bootstrap/bootstrap-transition.js - 304 Not Modified (0ms)


Started GET "/assets/twitter/bootstrap/bootstrap-alert.js?body=1" for 127.0.0.1 at 2012-10-10 12:36:19 -0500
Served asset /twitter/bootstrap/bootstrap-alert.js - 304 Not Modified (0ms)


Started GET "/assets/twitter/bootstrap/bootstrap-modal.js?body=1" for 127.0.0.1 at 2012-10-10 12:36:19 -0500
Served asset /twitter/bootstrap/bootstrap-modal.js - 304 Not Modified (0ms)


Started GET "/assets/twitter/bootstrap/bootstrap-dropdown.js?body=1" for 127.0.0.1 at 2012-10-10 12:36:19 -0500
Served asset /twitter/bootstrap/bootstrap-dropdown.js - 304 Not Modified (0ms)


Started GET "/assets/twitter/bootstrap/bootstrap-scrollspy.js?body=1" for 127.0.0.1 at 2012-10-10 12:36:19 -0500
Served asset /twitter/bootstrap/bootstrap-scrollspy.js - 304 Not Modified (0ms)


Started GET "/assets/twitter/bootstrap/bootstrap-tab.js?body=1" for 127.0.0.1 at 2012-10-10 12:36:19 -0500
Served asset /twitter/bootstrap/bootstrap-tab.js - 304 Not Modified (0ms)


Started GET "/assets/twitter/bootstrap/bootstrap-tooltip.js?body=1" for 127.0.0.1 at 2012-10-10 12:36:19 -0500
Served asset /twitter/bootstrap/bootstrap-tooltip.js - 304 Not Modified (0ms)


Started GET "/assets/twitter/bootstrap/bootstrap-popover.js?body=1" for 127.0.0.1 at 2012-10-10 12:36:19 -0500
Served asset /twitter/bootstrap/bootstrap-popover.js - 304 Not Modified (0ms)


Started GET "/assets/twitter/bootstrap/bootstrap-button.js?body=1" for 127.0.0.1 at 2012-10-10 12:36:19 -0500
Served asset /twitter/bootstrap/bootstrap-button.js - 304 Not Modified (0ms)


Started GET "/assets/twitter/bootstrap/bootstrap-carousel.js?body=1" for 127.0.0.1 at 2012-10-10 12:36:19 -0500
Served asset /twitter/bootstrap/bootstrap-carousel.js - 304 Not Modified (0ms)


Started GET "/assets/twitter/bootstrap/bootstrap-collapse.js?body=1" for 127.0.0.1 at 2012-10-10 12:36:19 -0500
Served asset /twitter/bootstrap/bootstrap-collapse.js - 304 Not Modified (0ms)


Started GET "/assets/twitter/bootstrap/bootstrap-typeahead.js?body=1" for 127.0.0.1 at 2012-10-10 12:36:19 -0500
Served asset /twitter/bootstrap/bootstrap-typeahead.js - 304 Not Modified (0ms)


Started GET "/assets/twitter/bootstrap/bootstrap-affix.js?body=1" for 127.0.0.1 at 2012-10-10 12:36:19 -0500
Served asset /twitter/bootstrap/bootstrap-affix.js - 304 Not Modified (0ms)


Started GET "/assets/twitter/bootstrap.js?body=1" for 127.0.0.1 at 2012-10-10 12:36:19 -0500
Served asset /twitter/bootstrap.js - 304 Not Modified (1ms)


Started GET "/assets/bootstrap.js?body=1" for 127.0.0.1 at 2012-10-10 12:36:19 -0500
Served asset /bootstrap.js - 304 Not Modified (0ms)


Started GET "/assets/application.js?body=1" for 127.0.0.1 at 2012-10-10 12:36:19 -0500
Served asset /application.js - 304 Not Modified (1ms)


Started GET "/home" for 127.0.0.1 at 2012-10-10 12:36:33 -0500

ActionController::RoutingError (No route matches [GET] "/home"):
  actionpack (3.2.8) lib/action_dispatch/middleware/debug_exceptions.rb:21:in `call'
  actionpack (3.2.8) lib/action_dispatch/middleware/show_exceptions.rb:56:in `call'
  railties (3.2.8) lib/rails/rack/logger.rb:26:in `call_app'
  railties (3.2.8) lib/rails/rack/logger.rb:16:in `call'
  actionpack (3.2.8) lib/action_dispatch/middleware/request_id.rb:22:in `call'
  rack (1.4.1) lib/rack/methodoverride.rb:21:in `call'
  rack (1.4.1) lib/rack/runtime.rb:17:in `call'
  activesupport (3.2.8) lib/active_support/cache/strategy/local_cache.rb:72:in `call'
  rack (1.4.1) lib/rack/lock.rb:15:in `call'
  actionpack (3.2.8) lib/action_dispatch/middleware/static.rb:62:in `call'
  railties (3.2.8) lib/rails/engine.rb:479:in `call'
  railties (3.2.8) lib/rails/application.rb:223:in `call'
  rack (1.4.1) lib/rack/content_length.rb:14:in `call'
  railties (3.2.8) lib/rails/rack/log_tailer.rb:17:in `call'
  rack (1.4.1) lib/rack/handler/webrick.rb:59:in `service'
  /Users/rminer/.rvm/rubies/ruby-1.9.3-p194/lib/ruby/1.9.1/webrick/httpserver.rb:138:in `service'
  /Users/rminer/.rvm/rubies/ruby-1.9.3-p194/lib/ruby/1.9.1/webrick/httpserver.rb:94:in `run'
  /Users/rminer/.rvm/rubies/ruby-1.9.3-p194/lib/ruby/1.9.1/webrick/server.rb:191:in `block in start_thread'


  Rendered /Users/rminer/.rvm/gems/ruby-1.9.3-p194@tukaiz_facebook/gems/actionpack-3.2.8/lib/action_dispatch/middleware/templates/rescues/routing_error.erb within rescues/layout (0.9ms)


Started GET "/" for 127.0.0.1 at 2012-10-10 12:39:07 -0500
Processing by PagesController#index as HTML
  Rendered pages/index.haml within layouts/application (0.2ms)
Completed 200 OK in 16ms (Views: 15.4ms | ActiveRecord: 0.0ms)


Started GET "/assets/application.css?body=1" for 127.0.0.1 at 2012-10-10 12:39:07 -0500
Served asset /application.css - 304 Not Modified (0ms)


Started GET "/assets/jquery_ujs.js?body=1" for 127.0.0.1 at 2012-10-10 12:39:07 -0500
Served asset /jquery_ujs.js - 304 Not Modified (0ms)


Started GET "/assets/twitter/bootstrap/bootstrap-transition.js?body=1" for 127.0.0.1 at 2012-10-10 12:39:07 -0500
Served asset /twitter/bootstrap/bootstrap-transition.js - 304 Not Modified (0ms)


Started GET "/assets/bootstrap_and_overrides.css?body=1" for 127.0.0.1 at 2012-10-10 12:39:07 -0500
Served asset /bootstrap_and_overrides.css - 304 Not Modified (0ms)


Started GET "/assets/jquery.js?body=1" for 127.0.0.1 at 2012-10-10 12:39:07 -0500
Served asset /jquery.js - 304 Not Modified (0ms)


Started GET "/assets/twitter/bootstrap/bootstrap-alert.js?body=1" for 127.0.0.1 at 2012-10-10 12:39:07 -0500
Served asset /twitter/bootstrap/bootstrap-alert.js - 304 Not Modified (0ms)


Started GET "/assets/twitter/bootstrap/bootstrap-modal.js?body=1" for 127.0.0.1 at 2012-10-10 12:39:07 -0500
Served asset /twitter/bootstrap/bootstrap-modal.js - 304 Not Modified (0ms)


Started GET "/assets/twitter/bootstrap/bootstrap-dropdown.js?body=1" for 127.0.0.1 at 2012-10-10 12:39:07 -0500
Served asset /twitter/bootstrap/bootstrap-dropdown.js - 304 Not Modified (0ms)


Started GET "/assets/twitter/bootstrap/bootstrap-scrollspy.js?body=1" for 127.0.0.1 at 2012-10-10 12:39:07 -0500
Served asset /twitter/bootstrap/bootstrap-scrollspy.js - 304 Not Modified (0ms)


Started GET "/assets/twitter/bootstrap/bootstrap-tab.js?body=1" for 127.0.0.1 at 2012-10-10 12:39:07 -0500
Served asset /twitter/bootstrap/bootstrap-tab.js - 304 Not Modified (0ms)


Started GET "/assets/twitter/bootstrap/bootstrap-tooltip.js?body=1" for 127.0.0.1 at 2012-10-10 12:39:07 -0500
Served asset /twitter/bootstrap/bootstrap-tooltip.js - 304 Not Modified (0ms)


Started GET "/assets/twitter/bootstrap/bootstrap-popover.js?body=1" for 127.0.0.1 at 2012-10-10 12:39:07 -0500
Served asset /twitter/bootstrap/bootstrap-popover.js - 304 Not Modified (0ms)


Started GET "/assets/twitter/bootstrap/bootstrap-button.js?body=1" for 127.0.0.1 at 2012-10-10 12:39:07 -0500
Served asset /twitter/bootstrap/bootstrap-button.js - 304 Not Modified (0ms)


Started GET "/assets/twitter/bootstrap/bootstrap-collapse.js?body=1" for 127.0.0.1 at 2012-10-10 12:39:07 -0500
Served asset /twitter/bootstrap/bootstrap-collapse.js - 304 Not Modified (0ms)


Started GET "/assets/twitter/bootstrap/bootstrap-carousel.js?body=1" for 127.0.0.1 at 2012-10-10 12:39:07 -0500
Served asset /twitter/bootstrap/bootstrap-carousel.js - 304 Not Modified (0ms)


Started GET "/assets/twitter/bootstrap/bootstrap-typeahead.js?body=1" for 127.0.0.1 at 2012-10-10 12:39:07 -0500
Served asset /twitter/bootstrap/bootstrap-typeahead.js - 304 Not Modified (0ms)


Started GET "/assets/twitter/bootstrap/bootstrap-affix.js?body=1" for 127.0.0.1 at 2012-10-10 12:39:07 -0500
Served asset /twitter/bootstrap/bootstrap-affix.js - 304 Not Modified (0ms)


Started GET "/assets/twitter/bootstrap.js?body=1" for 127.0.0.1 at 2012-10-10 12:39:07 -0500
Served asset /twitter/bootstrap.js - 304 Not Modified (1ms)


Started GET "/assets/bootstrap.js?body=1" for 127.0.0.1 at 2012-10-10 12:39:07 -0500
Served asset /bootstrap.js - 304 Not Modified (0ms)


Started GET "/assets/application.js?body=1" for 127.0.0.1 at 2012-10-10 12:39:07 -0500
Served asset /application.js - 304 Not Modified (1ms)


Started GET "/home" for 127.0.0.1 at 2012-10-10 12:39:09 -0500
Processing by PagesController#index as HTML
  Rendered pages/index.haml within layouts/application (0.2ms)
Completed 200 OK in 18ms (Views: 17.3ms | ActiveRecord: 0.0ms)


Started GET "/assets/application.css?body=1" for 127.0.0.1 at 2012-10-10 12:39:09 -0500
Served asset /application.css - 304 Not Modified (0ms)


Started GET "/assets/twitter/bootstrap/bootstrap-transition.js?body=1" for 127.0.0.1 at 2012-10-10 12:39:09 -0500
Served asset /twitter/bootstrap/bootstrap-transition.js - 304 Not Modified (0ms)


Started GET "/assets/jquery.js?body=1" for 127.0.0.1 at 2012-10-10 12:39:10 -0500
Served asset /jquery.js - 304 Not Modified (0ms)


Started GET "/assets/bootstrap_and_overrides.css?body=1" for 127.0.0.1 at 2012-10-10 12:39:10 -0500
Served asset /bootstrap_and_overrides.css - 304 Not Modified (0ms)


Started GET "/assets/twitter/bootstrap/bootstrap-alert.js?body=1" for 127.0.0.1 at 2012-10-10 12:39:10 -0500
Served asset /twitter/bootstrap/bootstrap-alert.js - 304 Not Modified (0ms)


Started GET "/assets/jquery_ujs.js?body=1" for 127.0.0.1 at 2012-10-10 12:39:10 -0500
Served asset /jquery_ujs.js - 304 Not Modified (0ms)


Started GET "/assets/twitter/bootstrap/bootstrap-modal.js?body=1" for 127.0.0.1 at 2012-10-10 12:39:10 -0500
Served asset /twitter/bootstrap/bootstrap-modal.js - 304 Not Modified (0ms)


Started GET "/assets/twitter/bootstrap/bootstrap-dropdown.js?body=1" for 127.0.0.1 at 2012-10-10 12:39:10 -0500
Served asset /twitter/bootstrap/bootstrap-dropdown.js - 304 Not Modified (0ms)


Started GET "/assets/twitter/bootstrap/bootstrap-scrollspy.js?body=1" for 127.0.0.1 at 2012-10-10 12:39:10 -0500
Served asset /twitter/bootstrap/bootstrap-scrollspy.js - 304 Not Modified (0ms)


Started GET "/assets/twitter/bootstrap/bootstrap-tab.js?body=1" for 127.0.0.1 at 2012-10-10 12:39:10 -0500
Served asset /twitter/bootstrap/bootstrap-tab.js - 304 Not Modified (0ms)


Started GET "/assets/twitter/bootstrap/bootstrap-tooltip.js?body=1" for 127.0.0.1 at 2012-10-10 12:39:10 -0500
Served asset /twitter/bootstrap/bootstrap-tooltip.js - 304 Not Modified (0ms)


Started GET "/assets/twitter/bootstrap/bootstrap-popover.js?body=1" for 127.0.0.1 at 2012-10-10 12:39:10 -0500
Served asset /twitter/bootstrap/bootstrap-popover.js - 304 Not Modified (0ms)


Started GET "/assets/twitter/bootstrap/bootstrap-button.js?body=1" for 127.0.0.1 at 2012-10-10 12:39:10 -0500
Served asset /twitter/bootstrap/bootstrap-button.js - 304 Not Modified (0ms)


Started GET "/assets/twitter/bootstrap/bootstrap-collapse.js?body=1" for 127.0.0.1 at 2012-10-10 12:39:10 -0500
Served asset /twitter/bootstrap/bootstrap-collapse.js - 304 Not Modified (0ms)


Started GET "/assets/twitter/bootstrap/bootstrap-typeahead.js?body=1" for 127.0.0.1 at 2012-10-10 12:39:10 -0500
Served asset /twitter/bootstrap/bootstrap-typeahead.js - 304 Not Modified (0ms)


Started GET "/assets/twitter/bootstrap/bootstrap-carousel.js?body=1" for 127.0.0.1 at 2012-10-10 12:39:10 -0500
Served asset /twitter/bootstrap/bootstrap-carousel.js - 304 Not Modified (0ms)


Started GET "/assets/twitter/bootstrap/bootstrap-affix.js?body=1" for 127.0.0.1 at 2012-10-10 12:39:10 -0500
Served asset /twitter/bootstrap/bootstrap-affix.js - 304 Not Modified (0ms)


Started GET "/assets/twitter/bootstrap.js?body=1" for 127.0.0.1 at 2012-10-10 12:39:10 -0500
Served asset /twitter/bootstrap.js - 304 Not Modified (1ms)


Started GET "/assets/bootstrap.js?body=1" for 127.0.0.1 at 2012-10-10 12:39:10 -0500
Served asset /bootstrap.js - 304 Not Modified (0ms)


Started GET "/assets/application.js?body=1" for 127.0.0.1 at 2012-10-10 12:39:10 -0500
Served asset /application.js - 304 Not Modified (1ms)
Connecting to database specified by database.yml
Connecting to database specified by database.yml
Connecting to database specified by database.yml
  [1m[36m (94.3ms)[0m  [1mCREATE TABLE `schema_migrations` (`version` varchar(255) NOT NULL) ENGINE=InnoDB[0m
  [1m[35m (181.5ms)[0m  CREATE UNIQUE INDEX `unique_schema_migrations` ON `schema_migrations` (`version`)
  [1m[36m (25.4ms)[0m  [1mSELECT `schema_migrations`.`version` FROM `schema_migrations` [0m
Migrating to DeviseCreateUsers (20121010174655)
  [1m[35m (142.9ms)[0m  CREATE TABLE `users` (`id` int(11) DEFAULT NULL auto_increment PRIMARY KEY, `first_name` varchar(255), `last_name` varchar(255), `email` varchar(255) DEFAULT '' NOT NULL, `encrypted_password` varchar(255) DEFAULT '' NOT NULL, `reset_password_token` varchar(255), `reset_password_sent_at` datetime, `remember_created_at` datetime, `sign_in_count` int(11) DEFAULT 0, `current_sign_in_at` datetime, `last_sign_in_at` datetime, `current_sign_in_ip` varchar(255), `last_sign_in_ip` varchar(255), `created_at` datetime NOT NULL, `updated_at` datetime NOT NULL) ENGINE=InnoDB
  [1m[36m (103.3ms)[0m  [1mCREATE UNIQUE INDEX `index_users_on_email` ON `users` (`email`)[0m
  [1m[35m (133.8ms)[0m  CREATE UNIQUE INDEX `index_users_on_reset_password_token` ON `users` (`reset_password_token`)
  [1m[36m (0.7ms)[0m  [1mINSERT INTO `schema_migrations` (`version`) VALUES ('20121010174655')[0m
  [1m[35m (0.2ms)[0m  SELECT `schema_migrations`.`version` FROM `schema_migrations` 
Connecting to database specified by database.yml
Connecting to database specified by database.yml


Started GET "/home" for 127.0.0.1 at 2012-10-10 12:48:19 -0500

ActionController::RoutingError (No route matches [GET] "/home"):
  actionpack (3.2.8) lib/action_dispatch/middleware/debug_exceptions.rb:21:in `call'
  actionpack (3.2.8) lib/action_dispatch/middleware/show_exceptions.rb:56:in `call'
  railties (3.2.8) lib/rails/rack/logger.rb:26:in `call_app'
  railties (3.2.8) lib/rails/rack/logger.rb:16:in `call'
  actionpack (3.2.8) lib/action_dispatch/middleware/request_id.rb:22:in `call'
  rack (1.4.1) lib/rack/methodoverride.rb:21:in `call'
  rack (1.4.1) lib/rack/runtime.rb:17:in `call'
  activesupport (3.2.8) lib/active_support/cache/strategy/local_cache.rb:72:in `call'
  rack (1.4.1) lib/rack/lock.rb:15:in `call'
  actionpack (3.2.8) lib/action_dispatch/middleware/static.rb:62:in `call'
  railties (3.2.8) lib/rails/engine.rb:479:in `call'
  railties (3.2.8) lib/rails/application.rb:223:in `call'
  rack (1.4.1) lib/rack/content_length.rb:14:in `call'
  railties (3.2.8) lib/rails/rack/log_tailer.rb:17:in `call'
  rack (1.4.1) lib/rack/handler/webrick.rb:59:in `service'
  /Users/rminer/.rvm/rubies/ruby-1.9.3-p194/lib/ruby/1.9.1/webrick/httpserver.rb:138:in `service'
  /Users/rminer/.rvm/rubies/ruby-1.9.3-p194/lib/ruby/1.9.1/webrick/httpserver.rb:94:in `run'
  /Users/rminer/.rvm/rubies/ruby-1.9.3-p194/lib/ruby/1.9.1/webrick/server.rb:191:in `block in start_thread'


  Rendered /Users/rminer/.rvm/gems/ruby-1.9.3-p194@tukaiz_facebook/gems/actionpack-3.2.8/lib/action_dispatch/middleware/templates/rescues/routing_error.erb within rescues/layout (1.1ms)


Started GET "/" for 127.0.0.1 at 2012-10-10 12:48:36 -0500
Processing by HomeController#index as HTML
  Rendered home/index.haml within layouts/application (1.2ms)
Completed 200 OK in 100ms (Views: 99.8ms | ActiveRecord: 0.0ms)


Started GET "/assets/application.css?body=1" for 127.0.0.1 at 2012-10-10 12:48:36 -0500
Served asset /application.css - 304 Not Modified (17ms)


Started GET "/assets/jquery.js?body=1" for 127.0.0.1 at 2012-10-10 12:48:37 -0500
Served asset /jquery.js - 304 Not Modified (6ms)


Started GET "/assets/twitter/bootstrap/bootstrap-transition.js?body=1" for 127.0.0.1 at 2012-10-10 12:48:37 -0500
Served asset /twitter/bootstrap/bootstrap-transition.js - 304 Not Modified (5ms)


Started GET "/assets/twitter/bootstrap/bootstrap-alert.js?body=1" for 127.0.0.1 at 2012-10-10 12:48:37 -0500
Served asset /twitter/bootstrap/bootstrap-alert.js - 304 Not Modified (4ms)


Started GET "/assets/bootstrap_and_overrides.css?body=1" for 127.0.0.1 at 2012-10-10 12:48:37 -0500
Served asset /bootstrap_and_overrides.css - 304 Not Modified (4ms)


Started GET "/assets/jquery_ujs.js?body=1" for 127.0.0.1 at 2012-10-10 12:48:37 -0500
Served asset /jquery_ujs.js - 304 Not Modified (7ms)


Started GET "/assets/twitter/bootstrap/bootstrap-modal.js?body=1" for 127.0.0.1 at 2012-10-10 12:48:37 -0500
Served asset /twitter/bootstrap/bootstrap-modal.js - 304 Not Modified (7ms)


Started GET "/assets/twitter/bootstrap/bootstrap-dropdown.js?body=1" for 127.0.0.1 at 2012-10-10 12:48:37 -0500
Served asset /twitter/bootstrap/bootstrap-dropdown.js - 304 Not Modified (8ms)


Started GET "/assets/twitter/bootstrap/bootstrap-scrollspy.js?body=1" for 127.0.0.1 at 2012-10-10 12:48:37 -0500
Served asset /twitter/bootstrap/bootstrap-scrollspy.js - 304 Not Modified (5ms)


Started GET "/assets/twitter/bootstrap/bootstrap-tab.js?body=1" for 127.0.0.1 at 2012-10-10 12:48:37 -0500
Served asset /twitter/bootstrap/bootstrap-tab.js - 304 Not Modified (4ms)


Started GET "/assets/twitter/bootstrap/bootstrap-tooltip.js?body=1" for 127.0.0.1 at 2012-10-10 12:48:37 -0500
Served asset /twitter/bootstrap/bootstrap-tooltip.js - 304 Not Modified (4ms)


Started GET "/assets/twitter/bootstrap/bootstrap-popover.js?body=1" for 127.0.0.1 at 2012-10-10 12:48:37 -0500
Served asset /twitter/bootstrap/bootstrap-popover.js - 304 Not Modified (3ms)


Started GET "/assets/twitter/bootstrap/bootstrap-button.js?body=1" for 127.0.0.1 at 2012-10-10 12:48:37 -0500
Served asset /twitter/bootstrap/bootstrap-button.js - 304 Not Modified (6ms)


Started GET "/assets/twitter/bootstrap/bootstrap-collapse.js?body=1" for 127.0.0.1 at 2012-10-10 12:48:37 -0500
Served asset /twitter/bootstrap/bootstrap-collapse.js - 304 Not Modified (4ms)


Started GET "/assets/twitter/bootstrap/bootstrap-carousel.js?body=1" for 127.0.0.1 at 2012-10-10 12:48:37 -0500
Served asset /twitter/bootstrap/bootstrap-carousel.js - 304 Not Modified (13ms)


Started GET "/assets/twitter/bootstrap/bootstrap-typeahead.js?body=1" for 127.0.0.1 at 2012-10-10 12:48:37 -0500
Served asset /twitter/bootstrap/bootstrap-typeahead.js - 304 Not Modified (4ms)


Started GET "/assets/twitter/bootstrap/bootstrap-affix.js?body=1" for 127.0.0.1 at 2012-10-10 12:48:37 -0500
Served asset /twitter/bootstrap/bootstrap-affix.js - 304 Not Modified (4ms)


Started GET "/assets/twitter/bootstrap.js?body=1" for 127.0.0.1 at 2012-10-10 12:48:37 -0500
Served asset /twitter/bootstrap.js - 304 Not Modified (19ms)


Started GET "/assets/bootstrap.js?body=1" for 127.0.0.1 at 2012-10-10 12:48:37 -0500
Served asset /bootstrap.js - 304 Not Modified (1ms)


Started GET "/assets/application.js?body=1" for 127.0.0.1 at 2012-10-10 12:48:37 -0500
Served asset /application.js - 304 Not Modified (23ms)


Started GET "/users/new" for 127.0.0.1 at 2012-10-10 12:48:52 -0500

ActionController::RoutingError (No route matches [GET] "/users/new"):
  actionpack (3.2.8) lib/action_dispatch/middleware/debug_exceptions.rb:21:in `call'
  actionpack (3.2.8) lib/action_dispatch/middleware/show_exceptions.rb:56:in `call'
  railties (3.2.8) lib/rails/rack/logger.rb:26:in `call_app'
  railties (3.2.8) lib/rails/rack/logger.rb:16:in `call'
  actionpack (3.2.8) lib/action_dispatch/middleware/request_id.rb:22:in `call'
  rack (1.4.1) lib/rack/methodoverride.rb:21:in `call'
  rack (1.4.1) lib/rack/runtime.rb:17:in `call'
  activesupport (3.2.8) lib/active_support/cache/strategy/local_cache.rb:72:in `call'
  rack (1.4.1) lib/rack/lock.rb:15:in `call'
  actionpack (3.2.8) lib/action_dispatch/middleware/static.rb:62:in `call'
  railties (3.2.8) lib/rails/engine.rb:479:in `call'
  railties (3.2.8) lib/rails/application.rb:223:in `call'
  rack (1.4.1) lib/rack/content_length.rb:14:in `call'
  railties (3.2.8) lib/rails/rack/log_tailer.rb:17:in `call'
  rack (1.4.1) lib/rack/handler/webrick.rb:59:in `service'
  /Users/rminer/.rvm/rubies/ruby-1.9.3-p194/lib/ruby/1.9.1/webrick/httpserver.rb:138:in `service'
  /Users/rminer/.rvm/rubies/ruby-1.9.3-p194/lib/ruby/1.9.1/webrick/httpserver.rb:94:in `run'
  /Users/rminer/.rvm/rubies/ruby-1.9.3-p194/lib/ruby/1.9.1/webrick/server.rb:191:in `block in start_thread'


  Rendered /Users/rminer/.rvm/gems/ruby-1.9.3-p194@tukaiz_facebook/gems/actionpack-3.2.8/lib/action_dispatch/middleware/templates/rescues/routing_error.erb within rescues/layout (0.9ms)


Started GET "/home" for 127.0.0.1 at 2012-10-10 12:49:30 -0500
Processing by HomeController#index as HTML
  Rendered home/index.haml within layouts/application (0.3ms)
Completed 200 OK in 19ms (Views: 18.8ms | ActiveRecord: 0.0ms)


Started GET "/assets/bootstrap_and_overrides.css?body=1" for 127.0.0.1 at 2012-10-10 12:49:31 -0500
Served asset /bootstrap_and_overrides.css - 304 Not Modified (0ms)


Started GET "/assets/application.css?body=1" for 127.0.0.1 at 2012-10-10 12:49:31 -0500
Served asset /application.css - 304 Not Modified (0ms)


Started GET "/assets/jquery.js?body=1" for 127.0.0.1 at 2012-10-10 12:49:31 -0500
Served asset /jquery.js - 304 Not Modified (0ms)


Started GET "/assets/twitter/bootstrap/bootstrap-transition.js?body=1" for 127.0.0.1 at 2012-10-10 12:49:31 -0500
Served asset /twitter/bootstrap/bootstrap-transition.js - 304 Not Modified (0ms)


Started GET "/assets/jquery_ujs.js?body=1" for 127.0.0.1 at 2012-10-10 12:49:31 -0500
Served asset /jquery_ujs.js - 304 Not Modified (0ms)


Started GET "/assets/twitter/bootstrap/bootstrap-alert.js?body=1" for 127.0.0.1 at 2012-10-10 12:49:31 -0500
Served asset /twitter/bootstrap/bootstrap-alert.js - 304 Not Modified (0ms)


Started GET "/assets/twitter/bootstrap/bootstrap-modal.js?body=1" for 127.0.0.1 at 2012-10-10 12:49:31 -0500
Served asset /twitter/bootstrap/bootstrap-modal.js - 304 Not Modified (0ms)


Started GET "/assets/twitter/bootstrap/bootstrap-dropdown.js?body=1" for 127.0.0.1 at 2012-10-10 12:49:31 -0500
Served asset /twitter/bootstrap/bootstrap-dropdown.js - 304 Not Modified (0ms)


Started GET "/assets/twitter/bootstrap/bootstrap-scrollspy.js?body=1" for 127.0.0.1 at 2012-10-10 12:49:31 -0500
Served asset /twitter/bootstrap/bootstrap-scrollspy.js - 304 Not Modified (0ms)


Started GET "/assets/twitter/bootstrap/bootstrap-tab.js?body=1" for 127.0.0.1 at 2012-10-10 12:49:31 -0500
Served asset /twitter/bootstrap/bootstrap-tab.js - 304 Not Modified (0ms)


Started GET "/assets/twitter/bootstrap/bootstrap-tooltip.js?body=1" for 127.0.0.1 at 2012-10-10 12:49:31 -0500
Served asset /twitter/bootstrap/bootstrap-tooltip.js - 304 Not Modified (0ms)


Started GET "/assets/twitter/bootstrap/bootstrap-popover.js?body=1" for 127.0.0.1 at 2012-10-10 12:49:31 -0500
Served asset /twitter/bootstrap/bootstrap-popover.js - 304 Not Modified (0ms)


Started GET "/assets/twitter/bootstrap/bootstrap-button.js?body=1" for 127.0.0.1 at 2012-10-10 12:49:31 -0500
Served asset /twitter/bootstrap/bootstrap-button.js - 304 Not Modified (0ms)


Started GET "/assets/twitter/bootstrap/bootstrap-collapse.js?body=1" for 127.0.0.1 at 2012-10-10 12:49:31 -0500
Served asset /twitter/bootstrap/bootstrap-collapse.js - 304 Not Modified (0ms)


Started GET "/assets/twitter/bootstrap/bootstrap-carousel.js?body=1" for 127.0.0.1 at 2012-10-10 12:49:31 -0500
Served asset /twitter/bootstrap/bootstrap-carousel.js - 304 Not Modified (0ms)


Started GET "/assets/twitter/bootstrap/bootstrap-typeahead.js?body=1" for 127.0.0.1 at 2012-10-10 12:49:31 -0500
Served asset /twitter/bootstrap/bootstrap-typeahead.js - 304 Not Modified (0ms)


Started GET "/assets/twitter/bootstrap/bootstrap-affix.js?body=1" for 127.0.0.1 at 2012-10-10 12:49:31 -0500
Served asset /twitter/bootstrap/bootstrap-affix.js - 304 Not Modified (0ms)


Started GET "/assets/twitter/bootstrap.js?body=1" for 127.0.0.1 at 2012-10-10 12:49:31 -0500
Served asset /twitter/bootstrap.js - 304 Not Modified (1ms)


Started GET "/assets/bootstrap.js?body=1" for 127.0.0.1 at 2012-10-10 12:49:31 -0500
Served asset /bootstrap.js - 304 Not Modified (0ms)


Started GET "/assets/application.js?body=1" for 127.0.0.1 at 2012-10-10 12:49:31 -0500
Served asset /application.js - 304 Not Modified (1ms)


Started GET "/home" for 127.0.0.1 at 2012-10-10 12:49:55 -0500
Processing by HomeController#index as HTML
Completed 401 Unauthorized in 17ms


Started GET "/users/sign_in" for 127.0.0.1 at 2012-10-10 12:49:55 -0500
Processing by Devise::SessionsController#new as HTML
  Rendered /Users/rminer/.rvm/gems/ruby-1.9.3-p194@tukaiz_facebook/gems/devise-2.1.2/app/views/devise/shared/_links.erb (2.4ms)
  Rendered /Users/rminer/.rvm/gems/ruby-1.9.3-p194@tukaiz_facebook/gems/devise-2.1.2/app/views/devise/sessions/new.html.erb within layouts/application (13.7ms)
Completed 200 OK in 133ms (Views: 31.7ms | ActiveRecord: 2.5ms)


Started GET "/assets/application.css?body=1" for 127.0.0.1 at 2012-10-10 12:49:56 -0500
Served asset /application.css - 304 Not Modified (0ms)


Started GET "/assets/jquery.js?body=1" for 127.0.0.1 at 2012-10-10 12:49:56 -0500
Served asset /jquery.js - 304 Not Modified (0ms)


Started GET "/assets/jquery_ujs.js?body=1" for 127.0.0.1 at 2012-10-10 12:49:56 -0500
Served asset /jquery_ujs.js - 304 Not Modified (0ms)


Started GET "/assets/twitter/bootstrap/bootstrap-transition.js?body=1" for 127.0.0.1 at 2012-10-10 12:49:56 -0500
Served asset /twitter/bootstrap/bootstrap-transition.js - 304 Not Modified (0ms)


Started GET "/assets/twitter/bootstrap/bootstrap-alert.js?body=1" for 127.0.0.1 at 2012-10-10 12:49:56 -0500
Served asset /twitter/bootstrap/bootstrap-alert.js - 304 Not Modified (0ms)


Started GET "/assets/bootstrap_and_overrides.css?body=1" for 127.0.0.1 at 2012-10-10 12:49:56 -0500
Served asset /bootstrap_and_overrides.css - 304 Not Modified (0ms)


Started GET "/assets/twitter/bootstrap/bootstrap-modal.js?body=1" for 127.0.0.1 at 2012-10-10 12:49:56 -0500
Served asset /twitter/bootstrap/bootstrap-modal.js - 304 Not Modified (0ms)


Started GET "/assets/twitter/bootstrap/bootstrap-dropdown.js?body=1" for 127.0.0.1 at 2012-10-10 12:49:56 -0500
Served asset /twitter/bootstrap/bootstrap-dropdown.js - 304 Not Modified (0ms)


Started GET "/assets/twitter/bootstrap/bootstrap-scrollspy.js?body=1" for 127.0.0.1 at 2012-10-10 12:49:56 -0500
Served asset /twitter/bootstrap/bootstrap-scrollspy.js - 304 Not Modified (0ms)


Started GET "/assets/twitter/bootstrap/bootstrap-tab.js?body=1" for 127.0.0.1 at 2012-10-10 12:49:56 -0500
Served asset /twitter/bootstrap/bootstrap-tab.js - 304 Not Modified (0ms)


Started GET "/assets/twitter/bootstrap/bootstrap-tooltip.js?body=1" for 127.0.0.1 at 2012-10-10 12:49:56 -0500
Served asset /twitter/bootstrap/bootstrap-tooltip.js - 304 Not Modified (0ms)


Started GET "/assets/twitter/bootstrap/bootstrap-popover.js?body=1" for 127.0.0.1 at 2012-10-10 12:49:56 -0500
Served asset /twitter/bootstrap/bootstrap-popover.js - 304 Not Modified (0ms)


Started GET "/assets/twitter/bootstrap/bootstrap-button.js?body=1" for 127.0.0.1 at 2012-10-10 12:49:56 -0500
Served asset /twitter/bootstrap/bootstrap-button.js - 304 Not Modified (0ms)


Started GET "/assets/twitter/bootstrap/bootstrap-collapse.js?body=1" for 127.0.0.1 at 2012-10-10 12:49:56 -0500
Served asset /twitter/bootstrap/bootstrap-collapse.js - 304 Not Modified (0ms)


Started GET "/assets/twitter/bootstrap/bootstrap-carousel.js?body=1" for 127.0.0.1 at 2012-10-10 12:49:56 -0500
Served asset /twitter/bootstrap/bootstrap-carousel.js - 304 Not Modified (0ms)


Started GET "/assets/twitter/bootstrap/bootstrap-typeahead.js?body=1" for 127.0.0.1 at 2012-10-10 12:49:56 -0500
Served asset /twitter/bootstrap/bootstrap-typeahead.js - 304 Not Modified (0ms)


Started GET "/assets/twitter/bootstrap/bootstrap-affix.js?body=1" for 127.0.0.1 at 2012-10-10 12:49:56 -0500
Served asset /twitter/bootstrap/bootstrap-affix.js - 304 Not Modified (0ms)


Started GET "/assets/twitter/bootstrap.js?body=1" for 127.0.0.1 at 2012-10-10 12:49:56 -0500
Served asset /twitter/bootstrap.js - 304 Not Modified (1ms)


Started GET "/assets/bootstrap.js?body=1" for 127.0.0.1 at 2012-10-10 12:49:56 -0500
Served asset /bootstrap.js - 304 Not Modified (0ms)


Started GET "/assets/application.js?body=1" for 127.0.0.1 at 2012-10-10 12:49:56 -0500
Served asset /application.js - 304 Not Modified (1ms)
Connecting to database specified by database.yml
Connecting to database specified by database.yml


Started GET "/users/sign_in" for 127.0.0.1 at 2012-10-10 12:52:49 -0500
Processing by Devise::SessionsController#new as HTML
  Rendered devise/shared/_links.erb (2.4ms)
  Rendered devise/sessions/new.html.erb within layouts/application (21.6ms)
Completed 200 OK in 205ms (Views: 119.4ms | ActiveRecord: 3.2ms)


Started GET "/assets/application.css?body=1" for 127.0.0.1 at 2012-10-10 12:52:49 -0500
Served asset /application.css - 304 Not Modified (16ms)


Started GET "/assets/jquery_ujs.js?body=1" for 127.0.0.1 at 2012-10-10 12:52:49 -0500
Served asset /jquery_ujs.js - 304 Not Modified (2ms)


Started GET "/assets/jquery.js?body=1" for 127.0.0.1 at 2012-10-10 12:52:49 -0500
Served asset /jquery.js - 304 Not Modified (6ms)


Started GET "/assets/bootstrap_and_overrides.css?body=1" for 127.0.0.1 at 2012-10-10 12:52:49 -0500
Served asset /bootstrap_and_overrides.css - 304 Not Modified (5ms)


Started GET "/assets/twitter/bootstrap/bootstrap-alert.js?body=1" for 127.0.0.1 at 2012-10-10 12:52:49 -0500
Served asset /twitter/bootstrap/bootstrap-alert.js - 304 Not Modified (4ms)


Started GET "/assets/twitter/bootstrap/bootstrap-transition.js?body=1" for 127.0.0.1 at 2012-10-10 12:52:49 -0500
Served asset /twitter/bootstrap/bootstrap-transition.js - 304 Not Modified (4ms)


Started GET "/assets/twitter/bootstrap/bootstrap-modal.js?body=1" for 127.0.0.1 at 2012-10-10 12:52:49 -0500
Served asset /twitter/bootstrap/bootstrap-modal.js - 304 Not Modified (4ms)


Started GET "/assets/twitter/bootstrap/bootstrap-dropdown.js?body=1" for 127.0.0.1 at 2012-10-10 12:52:49 -0500
Served asset /twitter/bootstrap/bootstrap-dropdown.js - 304 Not Modified (4ms)


Started GET "/assets/twitter/bootstrap/bootstrap-scrollspy.js?body=1" for 127.0.0.1 at 2012-10-10 12:52:49 -0500
Served asset /twitter/bootstrap/bootstrap-scrollspy.js - 304 Not Modified (5ms)


Started GET "/assets/twitter/bootstrap/bootstrap-tab.js?body=1" for 127.0.0.1 at 2012-10-10 12:52:49 -0500
Served asset /twitter/bootstrap/bootstrap-tab.js - 304 Not Modified (4ms)


Started GET "/assets/twitter/bootstrap/bootstrap-popover.js?body=1" for 127.0.0.1 at 2012-10-10 12:52:49 -0500
Served asset /twitter/bootstrap/bootstrap-popover.js - 304 Not Modified (4ms)


Started GET "/assets/twitter/bootstrap/bootstrap-tooltip.js?body=1" for 127.0.0.1 at 2012-10-10 12:52:49 -0500
Served asset /twitter/bootstrap/bootstrap-tooltip.js - 304 Not Modified (7ms)


Started GET "/assets/twitter/bootstrap/bootstrap-button.js?body=1" for 127.0.0.1 at 2012-10-10 12:52:49 -0500
Served asset /twitter/bootstrap/bootstrap-button.js - 304 Not Modified (5ms)


Started GET "/assets/twitter/bootstrap/bootstrap-collapse.js?body=1" for 127.0.0.1 at 2012-10-10 12:52:49 -0500
Served asset /twitter/bootstrap/bootstrap-collapse.js - 304 Not Modified (7ms)


Started GET "/assets/twitter/bootstrap/bootstrap-carousel.js?body=1" for 127.0.0.1 at 2012-10-10 12:52:49 -0500
Served asset /twitter/bootstrap/bootstrap-carousel.js - 304 Not Modified (33ms)


Started GET "/assets/twitter/bootstrap/bootstrap-typeahead.js?body=1" for 127.0.0.1 at 2012-10-10 12:52:49 -0500
Served asset /twitter/bootstrap/bootstrap-typeahead.js - 304 Not Modified (4ms)


Started GET "/assets/twitter/bootstrap/bootstrap-affix.js?body=1" for 127.0.0.1 at 2012-10-10 12:52:49 -0500
Served asset /twitter/bootstrap/bootstrap-affix.js - 304 Not Modified (4ms)


Started GET "/assets/twitter/bootstrap.js?body=1" for 127.0.0.1 at 2012-10-10 12:52:49 -0500
Served asset /twitter/bootstrap.js - 304 Not Modified (20ms)


Started GET "/assets/bootstrap.js?body=1" for 127.0.0.1 at 2012-10-10 12:52:49 -0500
Served asset /bootstrap.js - 304 Not Modified (1ms)


Started GET "/assets/application.js?body=1" for 127.0.0.1 at 2012-10-10 12:52:49 -0500
Served asset /application.js - 304 Not Modified (55ms)


Started GET "/users/sign_in" for 127.0.0.1 at 2012-10-10 13:30:12 -0500
Processing by Devise::SessionsController#new as HTML
  Rendered devise/shared/_links.erb (0.7ms)
  Rendered devise/sessions/new.html.erb within layouts/application (5.9ms)
Completed 200 OK in 24ms (Views: 23.4ms | ActiveRecord: 0.0ms)


Started GET "/assets/application.css?body=1" for 127.0.0.1 at 2012-10-10 13:30:12 -0500
Served asset /application.css - 304 Not Modified (0ms)


Started GET "/assets/jquery_ujs.js?body=1" for 127.0.0.1 at 2012-10-10 13:30:12 -0500
Served asset /jquery_ujs.js - 304 Not Modified (0ms)


Started GET "/assets/bootstrap_and_overrides.css?body=1" for 127.0.0.1 at 2012-10-10 13:30:12 -0500
Served asset /bootstrap_and_overrides.css - 304 Not Modified (0ms)


Started GET "/assets/jquery.js?body=1" for 127.0.0.1 at 2012-10-10 13:30:12 -0500
Served asset /jquery.js - 304 Not Modified (0ms)


Started GET "/assets/twitter/bootstrap/bootstrap-transition.js?body=1" for 127.0.0.1 at 2012-10-10 13:30:12 -0500
Served asset /twitter/bootstrap/bootstrap-transition.js - 304 Not Modified (0ms)


Started GET "/assets/twitter/bootstrap/bootstrap-alert.js?body=1" for 127.0.0.1 at 2012-10-10 13:30:12 -0500
Served asset /twitter/bootstrap/bootstrap-alert.js - 304 Not Modified (0ms)


Started GET "/assets/twitter/bootstrap/bootstrap-modal.js?body=1" for 127.0.0.1 at 2012-10-10 13:30:12 -0500
Served asset /twitter/bootstrap/bootstrap-modal.js - 304 Not Modified (0ms)


Started GET "/assets/twitter/bootstrap/bootstrap-dropdown.js?body=1" for 127.0.0.1 at 2012-10-10 13:30:12 -0500
Served asset /twitter/bootstrap/bootstrap-dropdown.js - 304 Not Modified (0ms)


Started GET "/assets/twitter/bootstrap/bootstrap-scrollspy.js?body=1" for 127.0.0.1 at 2012-10-10 13:30:12 -0500
Served asset /twitter/bootstrap/bootstrap-scrollspy.js - 304 Not Modified (0ms)


Started GET "/assets/twitter/bootstrap/bootstrap-tab.js?body=1" for 127.0.0.1 at 2012-10-10 13:30:12 -0500
Served asset /twitter/bootstrap/bootstrap-tab.js - 304 Not Modified (0ms)


Started GET "/assets/twitter/bootstrap/bootstrap-tooltip.js?body=1" for 127.0.0.1 at 2012-10-10 13:30:12 -0500
Served asset /twitter/bootstrap/bootstrap-tooltip.js - 304 Not Modified (0ms)


Started GET "/assets/twitter/bootstrap/bootstrap-popover.js?body=1" for 127.0.0.1 at 2012-10-10 13:30:12 -0500
Served asset /twitter/bootstrap/bootstrap-popover.js - 304 Not Modified (0ms)


Started GET "/assets/twitter/bootstrap/bootstrap-button.js?body=1" for 127.0.0.1 at 2012-10-10 13:30:12 -0500
Served asset /twitter/bootstrap/bootstrap-button.js - 304 Not Modified (0ms)


Started GET "/assets/twitter/bootstrap/bootstrap-collapse.js?body=1" for 127.0.0.1 at 2012-10-10 13:30:12 -0500
Served asset /twitter/bootstrap/bootstrap-collapse.js - 304 Not Modified (0ms)


Started GET "/assets/twitter/bootstrap/bootstrap-carousel.js?body=1" for 127.0.0.1 at 2012-10-10 13:30:12 -0500
Served asset /twitter/bootstrap/bootstrap-carousel.js - 304 Not Modified (0ms)


Started GET "/assets/twitter/bootstrap/bootstrap-typeahead.js?body=1" for 127.0.0.1 at 2012-10-10 13:30:12 -0500
Served asset /twitter/bootstrap/bootstrap-typeahead.js - 304 Not Modified (0ms)


Started GET "/assets/twitter/bootstrap/bootstrap-affix.js?body=1" for 127.0.0.1 at 2012-10-10 13:30:12 -0500
Served asset /twitter/bootstrap/bootstrap-affix.js - 304 Not Modified (0ms)


Started GET "/assets/twitter/bootstrap.js?body=1" for 127.0.0.1 at 2012-10-10 13:30:12 -0500
Served asset /twitter/bootstrap.js - 304 Not Modified (1ms)


Started GET "/assets/bootstrap.js?body=1" for 127.0.0.1 at 2012-10-10 13:30:12 -0500
Served asset /bootstrap.js - 304 Not Modified (0ms)


Started GET "/assets/application.js?body=1" for 127.0.0.1 at 2012-10-10 13:30:12 -0500
Served asset /application.js - 304 Not Modified (1ms)


Started GET "/users/sign_in" for 127.0.0.1 at 2012-10-10 13:33:21 -0500
Processing by Devise::SessionsController#new as HTML
  Rendered devise/shared/_links.erb (0.7ms)
  Rendered devise/sessions/new.html.erb within layouts/application (5.3ms)
Completed 200 OK in 23ms (Views: 22.3ms | ActiveRecord: 0.0ms)


Started GET "/assets/application.css?body=1" for 127.0.0.1 at 2012-10-10 13:33:21 -0500
Served asset /application.css - 200 OK (0ms)


Started GET "/assets/twitter/bootstrap/bootstrap-alert.js?body=1" for 127.0.0.1 at 2012-10-10 13:33:21 -0500
Served asset /twitter/bootstrap/bootstrap-alert.js - 200 OK (0ms)


Started GET "/assets/twitter/bootstrap/bootstrap-transition.js?body=1" for 127.0.0.1 at 2012-10-10 13:33:21 -0500
Served asset /twitter/bootstrap/bootstrap-transition.js - 200 OK (0ms)


Started GET "/assets/bootstrap_and_overrides.css?body=1" for 127.0.0.1 at 2012-10-10 13:33:21 -0500
Served asset /bootstrap_and_overrides.css - 200 OK (0ms)


Started GET "/assets/jquery.js?body=1" for 127.0.0.1 at 2012-10-10 13:33:21 -0500
Served asset /jquery.js - 200 OK (0ms)


Started GET "/assets/jquery_ujs.js?body=1" for 127.0.0.1 at 2012-10-10 13:33:21 -0500
Served asset /jquery_ujs.js - 200 OK (0ms)


Started GET "/assets/twitter/bootstrap/bootstrap-modal.js?body=1" for 127.0.0.1 at 2012-10-10 13:33:21 -0500
Served asset /twitter/bootstrap/bootstrap-modal.js - 200 OK (0ms)


Started GET "/assets/twitter/bootstrap/bootstrap-dropdown.js?body=1" for 127.0.0.1 at 2012-10-10 13:33:21 -0500
Served asset /twitter/bootstrap/bootstrap-dropdown.js - 200 OK (0ms)


Started GET "/assets/twitter/bootstrap/bootstrap-scrollspy.js?body=1" for 127.0.0.1 at 2012-10-10 13:33:21 -0500
Served asset /twitter/bootstrap/bootstrap-scrollspy.js - 200 OK (0ms)


Started GET "/assets/twitter/bootstrap/bootstrap-tooltip.js?body=1" for 127.0.0.1 at 2012-10-10 13:33:22 -0500
Served asset /twitter/bootstrap/bootstrap-tooltip.js - 200 OK (0ms)


Started GET "/assets/twitter/bootstrap/bootstrap-popover.js?body=1" for 127.0.0.1 at 2012-10-10 13:33:22 -0500
Served asset /twitter/bootstrap/bootstrap-popover.js - 200 OK (0ms)


Started GET "/assets/twitter/bootstrap/bootstrap-tab.js?body=1" for 127.0.0.1 at 2012-10-10 13:33:22 -0500
Served asset /twitter/bootstrap/bootstrap-tab.js - 200 OK (0ms)


Started GET "/assets/twitter/bootstrap/bootstrap-collapse.js?body=1" for 127.0.0.1 at 2012-10-10 13:33:22 -0500
Served asset /twitter/bootstrap/bootstrap-collapse.js - 200 OK (0ms)


Started GET "/assets/twitter/bootstrap/bootstrap-button.js?body=1" for 127.0.0.1 at 2012-10-10 13:33:22 -0500
Served asset /twitter/bootstrap/bootstrap-button.js - 200 OK (0ms)


Started GET "/assets/twitter/bootstrap/bootstrap-carousel.js?body=1" for 127.0.0.1 at 2012-10-10 13:33:22 -0500
Served asset /twitter/bootstrap/bootstrap-carousel.js - 200 OK (0ms)


Started GET "/assets/twitter/bootstrap/bootstrap-typeahead.js?body=1" for 127.0.0.1 at 2012-10-10 13:33:22 -0500
Served asset /twitter/bootstrap/bootstrap-typeahead.js - 200 OK (0ms)


Started GET "/assets/twitter/bootstrap/bootstrap-affix.js?body=1" for 127.0.0.1 at 2012-10-10 13:33:22 -0500
Served asset /twitter/bootstrap/bootstrap-affix.js - 200 OK (0ms)


Started GET "/assets/twitter/bootstrap.js?body=1" for 127.0.0.1 at 2012-10-10 13:33:22 -0500
Served asset /twitter/bootstrap.js - 200 OK (1ms)


Started GET "/assets/application.js?body=1" for 127.0.0.1 at 2012-10-10 13:33:22 -0500
Served asset /application.js - 200 OK (2ms)


Started GET "/assets/bootstrap.js?body=1" for 127.0.0.1 at 2012-10-10 13:33:22 -0500
Served asset /bootstrap.js - 200 OK (0ms)
Connecting to database specified by database.yml
Connecting to database specified by database.yml


Started GET "/users/sign_in" for 127.0.0.1 at 2012-10-10 13:34:49 -0500
Processing by Devise::SessionsController#new as HTML
  Rendered devise/shared/_links.erb (2.4ms)
  Rendered devise/sessions/new.html.erb within layouts/application (21.9ms)
Completed 200 OK in 207ms (Views: 121.3ms | ActiveRecord: 2.7ms)


Started GET "/assets/application.css?body=1" for 127.0.0.1 at 2012-10-10 13:34:50 -0500
Served asset /application.css - 304 Not Modified (20ms)


Started GET "/assets/jquery_ujs.js?body=1" for 127.0.0.1 at 2012-10-10 13:34:50 -0500
Served asset /jquery_ujs.js - 304 Not Modified (3ms)


Started GET "/assets/twitter/bootstrap/bootstrap-transition.js?body=1" for 127.0.0.1 at 2012-10-10 13:34:50 -0500
Served asset /twitter/bootstrap/bootstrap-transition.js - 304 Not Modified (6ms)


Started GET "/assets/bootstrap_and_overrides.css?body=1" for 127.0.0.1 at 2012-10-10 13:34:50 -0500
Served asset /bootstrap_and_overrides.css - 304 Not Modified (7ms)


Started GET "/assets/jquery.js?body=1" for 127.0.0.1 at 2012-10-10 13:34:50 -0500
Served asset /jquery.js - 304 Not Modified (8ms)


Started GET "/assets/twitter/bootstrap/bootstrap-alert.js?body=1" for 127.0.0.1 at 2012-10-10 13:34:50 -0500
Served asset /twitter/bootstrap/bootstrap-alert.js - 304 Not Modified (6ms)


Started GET "/assets/twitter/bootstrap/bootstrap-modal.js?body=1" for 127.0.0.1 at 2012-10-10 13:34:50 -0500
Served asset /twitter/bootstrap/bootstrap-modal.js - 304 Not Modified (5ms)


Started GET "/assets/twitter/bootstrap/bootstrap-dropdown.js?body=1" for 127.0.0.1 at 2012-10-10 13:34:50 -0500
Served asset /twitter/bootstrap/bootstrap-dropdown.js - 304 Not Modified (6ms)


Started GET "/assets/twitter/bootstrap/bootstrap-scrollspy.js?body=1" for 127.0.0.1 at 2012-10-10 13:34:50 -0500
Served asset /twitter/bootstrap/bootstrap-scrollspy.js - 304 Not Modified (4ms)


Started GET "/assets/twitter/bootstrap/bootstrap-tab.js?body=1" for 127.0.0.1 at 2012-10-10 13:34:50 -0500
Served asset /twitter/bootstrap/bootstrap-tab.js - 304 Not Modified (4ms)


Started GET "/assets/twitter/bootstrap/bootstrap-tooltip.js?body=1" for 127.0.0.1 at 2012-10-10 13:34:50 -0500
Served asset /twitter/bootstrap/bootstrap-tooltip.js - 304 Not Modified (4ms)


Started GET "/assets/twitter/bootstrap/bootstrap-popover.js?body=1" for 127.0.0.1 at 2012-10-10 13:34:50 -0500
Served asset /twitter/bootstrap/bootstrap-popover.js - 304 Not Modified (5ms)


Started GET "/assets/twitter/bootstrap/bootstrap-button.js?body=1" for 127.0.0.1 at 2012-10-10 13:34:50 -0500
Served asset /twitter/bootstrap/bootstrap-button.js - 304 Not Modified (5ms)


Started GET "/assets/twitter/bootstrap/bootstrap-collapse.js?body=1" for 127.0.0.1 at 2012-10-10 13:34:50 -0500
Served asset /twitter/bootstrap/bootstrap-collapse.js - 304 Not Modified (4ms)


Started GET "/assets/twitter/bootstrap/bootstrap-carousel.js?body=1" for 127.0.0.1 at 2012-10-10 13:34:50 -0500
Served asset /twitter/bootstrap/bootstrap-carousel.js - 304 Not Modified (4ms)


Started GET "/assets/twitter/bootstrap/bootstrap-typeahead.js?body=1" for 127.0.0.1 at 2012-10-10 13:34:50 -0500
Served asset /twitter/bootstrap/bootstrap-typeahead.js - 304 Not Modified (7ms)


Started GET "/assets/twitter/bootstrap/bootstrap-affix.js?body=1" for 127.0.0.1 at 2012-10-10 13:34:50 -0500
Served asset /twitter/bootstrap/bootstrap-affix.js - 304 Not Modified (4ms)


Started GET "/assets/twitter/bootstrap.js?body=1" for 127.0.0.1 at 2012-10-10 13:34:50 -0500
Served asset /twitter/bootstrap.js - 304 Not Modified (62ms)


Started GET "/assets/bootstrap.js?body=1" for 127.0.0.1 at 2012-10-10 13:34:50 -0500
Served asset /bootstrap.js - 304 Not Modified (1ms)


Started GET "/assets/application.js?body=1" for 127.0.0.1 at 2012-10-10 13:34:50 -0500
Served asset /application.js - 304 Not Modified (31ms)


Started GET "/users/sign_up" for 127.0.0.1 at 2012-10-10 13:35:17 -0500
Processing by Devise::RegistrationsController#new as HTML
  Rendered devise/shared/_form.erb (16.7ms)
  Rendered devise/registrations/new.html.erb within layouts/application (19.7ms)
Completed 500 Internal Server Error in 25ms

ActionView::Template::Error (undefined local variable or method `f' for #<#<Class:0x00000103042f50>:0x000001294524f8>):
    1: <%= devise_error_messages! %>
    2: 
    3: <div><%= f.label :first_name %><br />
    4: <%= f.text_field :first_name %></div>
    5: 
    6: <div><%= f.label :last_name %><br />
  app/views/devise/shared/_form.erb:3:in `_app_views_devise_shared__form_erb___182552587768854527_2493804140'
  app/views/devise/registrations/new.html.erb:4:in `block in _app_views_devise_registrations_new_html_erb___1606141306359776329_2493679940'
  app/views/devise/registrations/new.html.erb:3:in `_app_views_devise_registrations_new_html_erb___1606141306359776329_2493679940'


  Rendered /Users/rminer/.rvm/gems/ruby-1.9.3-p194@tukaiz_facebook/gems/actionpack-3.2.8/lib/action_dispatch/middleware/templates/rescues/_trace.erb (2.2ms)
  Rendered /Users/rminer/.rvm/gems/ruby-1.9.3-p194@tukaiz_facebook/gems/actionpack-3.2.8/lib/action_dispatch/middleware/templates/rescues/_request_and_response.erb (1.3ms)
  Rendered /Users/rminer/.rvm/gems/ruby-1.9.3-p194@tukaiz_facebook/gems/actionpack-3.2.8/lib/action_dispatch/middleware/templates/rescues/template_error.erb within rescues/layout (17.5ms)


Started GET "/users/sign_up" for 127.0.0.1 at 2012-10-10 13:35:39 -0500
Processing by Devise::RegistrationsController#new as HTML
  Rendered devise/shared/_form.erb (2.9ms)
  Rendered devise/shared/_links.erb (0.9ms)
  Rendered devise/registrations/new.html.erb within layouts/application (9.3ms)
Completed 200 OK in 27ms (Views: 25.8ms | ActiveRecord: 0.0ms)


Started GET "/assets/application.css?body=1" for 127.0.0.1 at 2012-10-10 13:35:39 -0500
Served asset /application.css - 304 Not Modified (0ms)


Started GET "/assets/jquery_ujs.js?body=1" for 127.0.0.1 at 2012-10-10 13:35:39 -0500
Served asset /jquery_ujs.js - 304 Not Modified (0ms)


Started GET "/assets/bootstrap_and_overrides.css?body=1" for 127.0.0.1 at 2012-10-10 13:35:39 -0500
Served asset /bootstrap_and_overrides.css - 304 Not Modified (0ms)


Started GET "/assets/jquery.js?body=1" for 127.0.0.1 at 2012-10-10 13:35:39 -0500
Served asset /jquery.js - 304 Not Modified (0ms)


Started GET "/assets/twitter/bootstrap/bootstrap-alert.js?body=1" for 127.0.0.1 at 2012-10-10 13:35:39 -0500
Served asset /twitter/bootstrap/bootstrap-alert.js - 304 Not Modified (0ms)


Started GET "/assets/twitter/bootstrap/bootstrap-transition.js?body=1" for 127.0.0.1 at 2012-10-10 13:35:39 -0500
Served asset /twitter/bootstrap/bootstrap-transition.js - 304 Not Modified (0ms)


Started GET "/assets/twitter/bootstrap/bootstrap-modal.js?body=1" for 127.0.0.1 at 2012-10-10 13:35:39 -0500
Served asset /twitter/bootstrap/bootstrap-modal.js - 304 Not Modified (0ms)


Started GET "/assets/twitter/bootstrap/bootstrap-dropdown.js?body=1" for 127.0.0.1 at 2012-10-10 13:35:39 -0500
Served asset /twitter/bootstrap/bootstrap-dropdown.js - 304 Not Modified (0ms)


Started GET "/assets/twitter/bootstrap/bootstrap-tab.js?body=1" for 127.0.0.1 at 2012-10-10 13:35:39 -0500
Served asset /twitter/bootstrap/bootstrap-tab.js - 304 Not Modified (0ms)


Started GET "/assets/twitter/bootstrap/bootstrap-scrollspy.js?body=1" for 127.0.0.1 at 2012-10-10 13:35:39 -0500
Served asset /twitter/bootstrap/bootstrap-scrollspy.js - 304 Not Modified (0ms)


Started GET "/assets/twitter/bootstrap/bootstrap-tooltip.js?body=1" for 127.0.0.1 at 2012-10-10 13:35:39 -0500
Served asset /twitter/bootstrap/bootstrap-tooltip.js - 304 Not Modified (0ms)


Started GET "/assets/twitter/bootstrap/bootstrap-popover.js?body=1" for 127.0.0.1 at 2012-10-10 13:35:39 -0500
Served asset /twitter/bootstrap/bootstrap-popover.js - 304 Not Modified (0ms)


Started GET "/assets/twitter/bootstrap/bootstrap-button.js?body=1" for 127.0.0.1 at 2012-10-10 13:35:39 -0500
Served asset /twitter/bootstrap/bootstrap-button.js - 304 Not Modified (0ms)


Started GET "/assets/twitter/bootstrap/bootstrap-collapse.js?body=1" for 127.0.0.1 at 2012-10-10 13:35:39 -0500
Served asset /twitter/bootstrap/bootstrap-collapse.js - 304 Not Modified (0ms)


Started GET "/assets/twitter/bootstrap/bootstrap-carousel.js?body=1" for 127.0.0.1 at 2012-10-10 13:35:40 -0500
Served asset /twitter/bootstrap/bootstrap-carousel.js - 304 Not Modified (0ms)


Started GET "/assets/twitter/bootstrap/bootstrap-typeahead.js?body=1" for 127.0.0.1 at 2012-10-10 13:35:40 -0500
Served asset /twitter/bootstrap/bootstrap-typeahead.js - 304 Not Modified (0ms)


Started GET "/assets/twitter/bootstrap/bootstrap-affix.js?body=1" for 127.0.0.1 at 2012-10-10 13:35:40 -0500
Served asset /twitter/bootstrap/bootstrap-affix.js - 304 Not Modified (0ms)


Started GET "/assets/twitter/bootstrap.js?body=1" for 127.0.0.1 at 2012-10-10 13:35:40 -0500
Served asset /twitter/bootstrap.js - 304 Not Modified (1ms)


Started GET "/assets/bootstrap.js?body=1" for 127.0.0.1 at 2012-10-10 13:35:40 -0500
Served asset /bootstrap.js - 304 Not Modified (0ms)


Started GET "/assets/application.js?body=1" for 127.0.0.1 at 2012-10-10 13:35:40 -0500
Served asset /application.js - 304 Not Modified (2ms)


Started GET "/users/sign_up" for 127.0.0.1 at 2012-10-10 13:36:22 -0500
Processing by Devise::RegistrationsController#new as HTML
  Rendered devise/shared/_form.erb (2.0ms)
  Rendered devise/shared/_links.erb (0.7ms)
  Rendered devise/registrations/new.html.erb within layouts/application (6.7ms)
Completed 200 OK in 24ms (Views: 22.9ms | ActiveRecord: 0.0ms)


Started GET "/assets/application.css?body=1" for 127.0.0.1 at 2012-10-10 13:36:22 -0500
Served asset /application.css - 304 Not Modified (0ms)


Started GET "/assets/jquery.js?body=1" for 127.0.0.1 at 2012-10-10 13:36:22 -0500
Served asset /jquery.js - 304 Not Modified (0ms)


Started GET "/assets/twitter/bootstrap/bootstrap-transition.js?body=1" for 127.0.0.1 at 2012-10-10 13:36:22 -0500
Served asset /twitter/bootstrap/bootstrap-transition.js - 304 Not Modified (0ms)


Started GET "/assets/jquery_ujs.js?body=1" for 127.0.0.1 at 2012-10-10 13:36:22 -0500
Served asset /jquery_ujs.js - 304 Not Modified (0ms)


Started GET "/assets/bootstrap_and_overrides.css?body=1" for 127.0.0.1 at 2012-10-10 13:36:22 -0500
Served asset /bootstrap_and_overrides.css - 304 Not Modified (0ms)


Started GET "/assets/twitter/bootstrap/bootstrap-modal.js?body=1" for 127.0.0.1 at 2012-10-10 13:36:22 -0500
Served asset /twitter/bootstrap/bootstrap-modal.js - 304 Not Modified (0ms)


Started GET "/assets/twitter/bootstrap/bootstrap-alert.js?body=1" for 127.0.0.1 at 2012-10-10 13:36:22 -0500
Served asset /twitter/bootstrap/bootstrap-alert.js - 304 Not Modified (0ms)


Started GET "/assets/twitter/bootstrap/bootstrap-dropdown.js?body=1" for 127.0.0.1 at 2012-10-10 13:36:22 -0500
Served asset /twitter/bootstrap/bootstrap-dropdown.js - 304 Not Modified (0ms)


Started GET "/assets/twitter/bootstrap/bootstrap-scrollspy.js?body=1" for 127.0.0.1 at 2012-10-10 13:36:22 -0500
Served asset /twitter/bootstrap/bootstrap-scrollspy.js - 304 Not Modified (0ms)


Started GET "/assets/twitter/bootstrap/bootstrap-tab.js?body=1" for 127.0.0.1 at 2012-10-10 13:36:22 -0500
Served asset /twitter/bootstrap/bootstrap-tab.js - 304 Not Modified (0ms)


Started GET "/assets/twitter/bootstrap/bootstrap-tooltip.js?body=1" for 127.0.0.1 at 2012-10-10 13:36:22 -0500
Served asset /twitter/bootstrap/bootstrap-tooltip.js - 304 Not Modified (0ms)


Started GET "/assets/twitter/bootstrap/bootstrap-popover.js?body=1" for 127.0.0.1 at 2012-10-10 13:36:22 -0500
Served asset /twitter/bootstrap/bootstrap-popover.js - 304 Not Modified (0ms)


Started GET "/assets/twitter/bootstrap/bootstrap-button.js?body=1" for 127.0.0.1 at 2012-10-10 13:36:22 -0500
Served asset /twitter/bootstrap/bootstrap-button.js - 304 Not Modified (0ms)


Started GET "/assets/twitter/bootstrap/bootstrap-collapse.js?body=1" for 127.0.0.1 at 2012-10-10 13:36:22 -0500
Served asset /twitter/bootstrap/bootstrap-collapse.js - 304 Not Modified (0ms)


Started GET "/assets/twitter/bootstrap/bootstrap-carousel.js?body=1" for 127.0.0.1 at 2012-10-10 13:36:22 -0500
Served asset /twitter/bootstrap/bootstrap-carousel.js - 304 Not Modified (0ms)


Started GET "/assets/twitter/bootstrap/bootstrap-typeahead.js?body=1" for 127.0.0.1 at 2012-10-10 13:36:22 -0500
Served asset /twitter/bootstrap/bootstrap-typeahead.js - 304 Not Modified (0ms)


Started GET "/assets/twitter/bootstrap/bootstrap-affix.js?body=1" for 127.0.0.1 at 2012-10-10 13:36:22 -0500
Served asset /twitter/bootstrap/bootstrap-affix.js - 304 Not Modified (0ms)


Started GET "/assets/twitter/bootstrap.js?body=1" for 127.0.0.1 at 2012-10-10 13:36:22 -0500
Served asset /twitter/bootstrap.js - 304 Not Modified (1ms)


Started GET "/assets/bootstrap.js?body=1" for 127.0.0.1 at 2012-10-10 13:36:22 -0500
Served asset /bootstrap.js - 304 Not Modified (0ms)


Started GET "/assets/application.js?body=1" for 127.0.0.1 at 2012-10-10 13:36:22 -0500
Served asset /application.js - 304 Not Modified (1ms)


Started POST "/users" for 127.0.0.1 at 2012-10-10 13:47:50 -0500
Processing by Devise::RegistrationsController#create as HTML
  Parameters: {"utf8"=>"✓", "authenticity_token"=>"DJejRnuESD85t0oGJ+/tpNQOCy/VgnnPaLLZci/RuOs=", "user"=>{"first_name"=>"Robert", "last_name"=>"Miner", "email"=>"r.miner@tukaiz.com", "password"=>"[FILTERED]", "password_confirmation"=>"[FILTERED]"}, "commit"=>"Sign up"}
Completed 500 Internal Server Error in 1ms

ActiveModel::MassAssignmentSecurity::Error (Can't mass-assign protected attributes: first_name, last_name):
  activemodel (3.2.8) lib/active_model/mass_assignment_security/sanitizer.rb:48:in `process_removed_attributes'
  activemodel (3.2.8) lib/active_model/mass_assignment_security/sanitizer.rb:20:in `debug_protected_attribute_removal'
  activemodel (3.2.8) lib/active_model/mass_assignment_security/sanitizer.rb:12:in `sanitize'
  activemodel (3.2.8) lib/active_model/mass_assignment_security.rb:230:in `sanitize_for_mass_assignment'
  activerecord (3.2.8) lib/active_record/attribute_assignment.rb:75:in `assign_attributes'
  activerecord (3.2.8) lib/active_record/base.rb:498:in `initialize'
  devise (2.1.2) lib/devise/models/registerable.rb:20:in `new'
  devise (2.1.2) lib/devise/models/registerable.rb:20:in `new_with_session'
  devise (2.1.2) app/controllers/devise/registrations_controller.rb:81:in `build_resource'
  devise (2.1.2) app/controllers/devise/registrations_controller.rb:13:in `create'
  actionpack (3.2.8) lib/action_controller/metal/implicit_render.rb:4:in `send_action'
  actionpack (3.2.8) lib/abstract_controller/base.rb:167:in `process_action'
  actionpack (3.2.8) lib/action_controller/metal/rendering.rb:10:in `process_action'
  actionpack (3.2.8) lib/abstract_controller/callbacks.rb:18:in `block in process_action'
  activesupport (3.2.8) lib/active_support/callbacks.rb:436:in `_run__2165439992541817923__process_action__1935863232934320535__callbacks'
  activesupport (3.2.8) lib/active_support/callbacks.rb:405:in `__run_callback'
  activesupport (3.2.8) lib/active_support/callbacks.rb:385:in `_run_process_action_callbacks'
  activesupport (3.2.8) lib/active_support/callbacks.rb:81:in `run_callbacks'
  actionpack (3.2.8) lib/abstract_controller/callbacks.rb:17:in `process_action'
  actionpack (3.2.8) lib/action_controller/metal/rescue.rb:29:in `process_action'
  actionpack (3.2.8) lib/action_controller/metal/instrumentation.rb:30:in `block in process_action'
  activesupport (3.2.8) lib/active_support/notifications.rb:123:in `block in instrument'
  activesupport (3.2.8) lib/active_support/notifications/instrumenter.rb:20:in `instrument'
  activesupport (3.2.8) lib/active_support/notifications.rb:123:in `instrument'
  actionpack (3.2.8) lib/action_controller/metal/instrumentation.rb:29:in `process_action'
  actionpack (3.2.8) lib/action_controller/metal/params_wrapper.rb:207:in `process_action'
  activerecord (3.2.8) lib/active_record/railties/controller_runtime.rb:18:in `process_action'
  actionpack (3.2.8) lib/abstract_controller/base.rb:121:in `process'
  actionpack (3.2.8) lib/abstract_controller/rendering.rb:45:in `process'
  actionpack (3.2.8) lib/action_controller/metal.rb:203:in `dispatch'
  actionpack (3.2.8) lib/action_controller/metal/rack_delegation.rb:14:in `dispatch'
  actionpack (3.2.8) lib/action_controller/metal.rb:246:in `block in action'
  actionpack (3.2.8) lib/action_dispatch/routing/route_set.rb:73:in `call'
  actionpack (3.2.8) lib/action_dispatch/routing/route_set.rb:73:in `dispatch'
  actionpack (3.2.8) lib/action_dispatch/routing/route_set.rb:36:in `call'
  actionpack (3.2.8) lib/action_dispatch/routing/mapper.rb:42:in `call'
  journey (1.0.4) lib/journey/router.rb:68:in `block in call'
  journey (1.0.4) lib/journey/router.rb:56:in `each'
  journey (1.0.4) lib/journey/router.rb:56:in `call'
  actionpack (3.2.8) lib/action_dispatch/routing/route_set.rb:600:in `call'
  warden (1.2.1) lib/warden/manager.rb:35:in `block in call'
  warden (1.2.1) lib/warden/manager.rb:34:in `catch'
  warden (1.2.1) lib/warden/manager.rb:34:in `call'
  actionpack (3.2.8) lib/action_dispatch/middleware/best_standards_support.rb:17:in `call'
  rack (1.4.1) lib/rack/etag.rb:23:in `call'
  rack (1.4.1) lib/rack/conditionalget.rb:35:in `call'
  actionpack (3.2.8) lib/action_dispatch/middleware/head.rb:14:in `call'
  actionpack (3.2.8) lib/action_dispatch/middleware/params_parser.rb:21:in `call'
  actionpack (3.2.8) lib/action_dispatch/middleware/flash.rb:242:in `call'
  rack (1.4.1) lib/rack/session/abstract/id.rb:205:in `context'
  rack (1.4.1) lib/rack/session/abstract/id.rb:200:in `call'
  actionpack (3.2.8) lib/action_dispatch/middleware/cookies.rb:339:in `call'
  activerecord (3.2.8) lib/active_record/query_cache.rb:64:in `call'
  activerecord (3.2.8) lib/active_record/connection_adapters/abstract/connection_pool.rb:473:in `call'
  actionpack (3.2.8) lib/action_dispatch/middleware/callbacks.rb:28:in `block in call'
  activesupport (3.2.8) lib/active_support/callbacks.rb:405:in `_run__871957341786905296__call__2459910264382561404__callbacks'
  activesupport (3.2.8) lib/active_support/callbacks.rb:405:in `__run_callback'
  activesupport (3.2.8) lib/active_support/callbacks.rb:385:in `_run_call_callbacks'
  activesupport (3.2.8) lib/active_support/callbacks.rb:81:in `run_callbacks'
  actionpack (3.2.8) lib/action_dispatch/middleware/callbacks.rb:27:in `call'
  actionpack (3.2.8) lib/action_dispatch/middleware/reloader.rb:65:in `call'
  actionpack (3.2.8) lib/action_dispatch/middleware/remote_ip.rb:31:in `call'
  actionpack (3.2.8) lib/action_dispatch/middleware/debug_exceptions.rb:16:in `call'
  actionpack (3.2.8) lib/action_dispatch/middleware/show_exceptions.rb:56:in `call'
  railties (3.2.8) lib/rails/rack/logger.rb:26:in `call_app'
  railties (3.2.8) lib/rails/rack/logger.rb:16:in `call'
  actionpack (3.2.8) lib/action_dispatch/middleware/request_id.rb:22:in `call'
  rack (1.4.1) lib/rack/methodoverride.rb:21:in `call'
  rack (1.4.1) lib/rack/runtime.rb:17:in `call'
  activesupport (3.2.8) lib/active_support/cache/strategy/local_cache.rb:72:in `call'
  rack (1.4.1) lib/rack/lock.rb:15:in `call'
  actionpack (3.2.8) lib/action_dispatch/middleware/static.rb:62:in `call'
  railties (3.2.8) lib/rails/engine.rb:479:in `call'
  railties (3.2.8) lib/rails/application.rb:223:in `call'
  rack (1.4.1) lib/rack/content_length.rb:14:in `call'
  railties (3.2.8) lib/rails/rack/log_tailer.rb:17:in `call'
  rack (1.4.1) lib/rack/handler/webrick.rb:59:in `service'
  /Users/rminer/.rvm/rubies/ruby-1.9.3-p194/lib/ruby/1.9.1/webrick/httpserver.rb:138:in `service'
  /Users/rminer/.rvm/rubies/ruby-1.9.3-p194/lib/ruby/1.9.1/webrick/httpserver.rb:94:in `run'
  /Users/rminer/.rvm/rubies/ruby-1.9.3-p194/lib/ruby/1.9.1/webrick/server.rb:191:in `block in start_thread'


  Rendered /Users/rminer/.rvm/gems/ruby-1.9.3-p194@tukaiz_facebook/gems/actionpack-3.2.8/lib/action_dispatch/middleware/templates/rescues/_trace.erb (2.9ms)
  Rendered /Users/rminer/.rvm/gems/ruby-1.9.3-p194@tukaiz_facebook/gems/actionpack-3.2.8/lib/action_dispatch/middleware/templates/rescues/_request_and_response.erb (1.6ms)
  Rendered /Users/rminer/.rvm/gems/ruby-1.9.3-p194@tukaiz_facebook/gems/actionpack-3.2.8/lib/action_dispatch/middleware/templates/rescues/diagnostics.erb within rescues/layout (16.8ms)


Started POST "/users" for 127.0.0.1 at 2012-10-10 13:48:09 -0500
Processing by Devise::RegistrationsController#create as HTML
  Parameters: {"utf8"=>"✓", "authenticity_token"=>"DJejRnuESD85t0oGJ+/tpNQOCy/VgnnPaLLZci/RuOs=", "user"=>{"first_name"=>"Robert", "last_name"=>"Miner", "email"=>"r.miner@tukaiz.com", "password"=>"[FILTERED]", "password_confirmation"=>"[FILTERED]"}, "commit"=>"Sign up"}
  [1m[36m (0.3ms)[0m  [1mBEGIN[0m
  [1m[35mUser Exists (0.5ms)[0m  SELECT 1 AS one FROM `users` WHERE `users`.`email` = BINARY 'r.miner@tukaiz.com' LIMIT 1
  [1m[36mSQL (1.8ms)[0m  [1mINSERT INTO `users` (`created_at`, `current_sign_in_at`, `current_sign_in_ip`, `email`, `encrypted_password`, `first_name`, `last_name`, `last_sign_in_at`, `last_sign_in_ip`, `remember_created_at`, `reset_password_sent_at`, `reset_password_token`, `sign_in_count`, `updated_at`) VALUES ('2012-10-10 18:48:09', NULL, NULL, 'r.miner@tukaiz.com', '$2a$10$8RN42eJOG7Oju/qnxMHVS.zjw.okGargKgFB2WG14jDWAH357aAT2', 'Robert', 'Miner', NULL, NULL, NULL, NULL, NULL, 0, '2012-10-10 18:48:09')[0m
  [1m[35m (0.3ms)[0m  COMMIT
  [1m[36m (0.1ms)[0m  [1mBEGIN[0m
  [1m[35m (0.4ms)[0m  UPDATE `users` SET `last_sign_in_at` = '2012-10-10 18:48:09', `current_sign_in_at` = '2012-10-10 18:48:09', `last_sign_in_ip` = '127.0.0.1', `current_sign_in_ip` = '127.0.0.1', `sign_in_count` = 1, `updated_at` = '2012-10-10 18:48:09' WHERE `users`.`id` = 1
  [1m[36m (0.5ms)[0m  [1mCOMMIT[0m
Redirected to http://localhost:3000/home
Completed 302 Found in 369ms (ActiveRecord: 0.0ms)


Started GET "/home" for 127.0.0.1 at 2012-10-10 13:48:09 -0500
Processing by HomeController#index as HTML
  [1m[35mUser Load (0.4ms)[0m  SELECT `users`.* FROM `users` WHERE `users`.`id` = 1 LIMIT 1
  Rendered home/index.haml within layouts/application (1.4ms)
Completed 200 OK in 68ms (Views: 17.7ms | ActiveRecord: 0.4ms)


Started GET "/assets/application.css?body=1" for 127.0.0.1 at 2012-10-10 13:48:10 -0500
Served asset /application.css - 304 Not Modified (0ms)


Started GET "/assets/jquery.js?body=1" for 127.0.0.1 at 2012-10-10 13:48:10 -0500
Served asset /jquery.js - 304 Not Modified (0ms)


Started GET "/assets/bootstrap_and_overrides.css?body=1" for 127.0.0.1 at 2012-10-10 13:48:10 -0500
Served asset /bootstrap_and_overrides.css - 304 Not Modified (0ms)


Started GET "/assets/jquery_ujs.js?body=1" for 127.0.0.1 at 2012-10-10 13:48:10 -0500
Served asset /jquery_ujs.js - 304 Not Modified (0ms)


Started GET "/assets/twitter/bootstrap/bootstrap-transition.js?body=1" for 127.0.0.1 at 2012-10-10 13:48:10 -0500
Served asset /twitter/bootstrap/bootstrap-transition.js - 304 Not Modified (0ms)


Started GET "/assets/twitter/bootstrap/bootstrap-alert.js?body=1" for 127.0.0.1 at 2012-10-10 13:48:10 -0500
Served asset /twitter/bootstrap/bootstrap-alert.js - 304 Not Modified (0ms)


Started GET "/assets/twitter/bootstrap/bootstrap-dropdown.js?body=1" for 127.0.0.1 at 2012-10-10 13:48:10 -0500
Served asset /twitter/bootstrap/bootstrap-dropdown.js - 304 Not Modified (0ms)


Started GET "/assets/twitter/bootstrap/bootstrap-modal.js?body=1" for 127.0.0.1 at 2012-10-10 13:48:10 -0500
Served asset /twitter/bootstrap/bootstrap-modal.js - 304 Not Modified (0ms)


Started GET "/assets/twitter/bootstrap/bootstrap-scrollspy.js?body=1" for 127.0.0.1 at 2012-10-10 13:48:10 -0500
Served asset /twitter/bootstrap/bootstrap-scrollspy.js - 304 Not Modified (0ms)


Started GET "/assets/twitter/bootstrap/bootstrap-tab.js?body=1" for 127.0.0.1 at 2012-10-10 13:48:10 -0500
Served asset /twitter/bootstrap/bootstrap-tab.js - 304 Not Modified (0ms)


Started GET "/assets/twitter/bootstrap/bootstrap-tooltip.js?body=1" for 127.0.0.1 at 2012-10-10 13:48:10 -0500
Served asset /twitter/bootstrap/bootstrap-tooltip.js - 304 Not Modified (0ms)


Started GET "/assets/twitter/bootstrap/bootstrap-popover.js?body=1" for 127.0.0.1 at 2012-10-10 13:48:10 -0500
Served asset /twitter/bootstrap/bootstrap-popover.js - 304 Not Modified (0ms)


Started GET "/assets/twitter/bootstrap/bootstrap-button.js?body=1" for 127.0.0.1 at 2012-10-10 13:48:10 -0500
Served asset /twitter/bootstrap/bootstrap-button.js - 304 Not Modified (0ms)


Started GET "/assets/twitter/bootstrap/bootstrap-collapse.js?body=1" for 127.0.0.1 at 2012-10-10 13:48:10 -0500
Served asset /twitter/bootstrap/bootstrap-collapse.js - 304 Not Modified (0ms)


Started GET "/assets/twitter/bootstrap/bootstrap-carousel.js?body=1" for 127.0.0.1 at 2012-10-10 13:48:10 -0500
Served asset /twitter/bootstrap/bootstrap-carousel.js - 304 Not Modified (0ms)


Started GET "/assets/twitter/bootstrap/bootstrap-affix.js?body=1" for 127.0.0.1 at 2012-10-10 13:48:10 -0500
Served asset /twitter/bootstrap/bootstrap-affix.js - 304 Not Modified (0ms)


Started GET "/assets/twitter/bootstrap/bootstrap-typeahead.js?body=1" for 127.0.0.1 at 2012-10-10 13:48:10 -0500
Served asset /twitter/bootstrap/bootstrap-typeahead.js - 304 Not Modified (0ms)


Started GET "/assets/twitter/bootstrap.js?body=1" for 127.0.0.1 at 2012-10-10 13:48:10 -0500
Served asset /twitter/bootstrap.js - 304 Not Modified (1ms)


Started GET "/assets/bootstrap.js?body=1" for 127.0.0.1 at 2012-10-10 13:48:10 -0500
Served asset /bootstrap.js - 304 Not Modified (0ms)


Started GET "/assets/application.js?body=1" for 127.0.0.1 at 2012-10-10 13:48:10 -0500
Served asset /application.js - 304 Not Modified (1ms)
